#
# There is insufficient memory for the Java Runtime Environment to continue.
# Native memory allocation (malloc) failed to allocate 1355696 bytes. Error detail: Chunk::new
# Possible reasons:
#   The system is out of physical RAM or swap space
#   This process is running with CompressedOops enabled, and the Java Heap may be blocking the growth of the native heap
# Possible solutions:
#   Reduce memory load on the system
#   Increase physical memory or swap space
#   Check if swap backing store is full
#   Decrease Java heap size (-Xmx/-Xms)
#   Decrease number of Java threads
#   Decrease Java thread stack sizes (-Xss)
#   Set larger code cache with -XX:ReservedCodeCacheSize=
#   JVM is running with Unscaled Compressed Oops mode in which the Java heap is
#     placed in the first 4GB address space. The Java Heap base address is the
#     maximum limit for the native heap growth. Please use -XX:HeapBaseMinAddress
#     to set the Java Heap base and to place the Java Heap above 4GB virtual address.
# This output file may be truncated or incomplete.
#
#  Out of Memory Error (arena.cpp:168), pid=11012, tid=10492
#
# JRE version: OpenJDK Runtime Environment Temurin-21.0.7+6 (21.0.7+6) (build 21.0.7+6-LTS)
# Java VM: OpenJDK 64-Bit Server VM Temurin-21.0.7+6 (21.0.7+6-LTS, mixed mode, sharing, tiered, compressed oops, compressed class ptrs, g1 gc, windows-amd64)
# No core dump will be written. Minidumps are not enabled by default on client versions of Windows
#

---------------  S U M M A R Y ------------

Command Line: --add-opens=java.base/java.lang=ALL-UNNAMED --add-opens=java.base/java.lang.invoke=ALL-UNNAMED --add-opens=java.base/java.util=ALL-UNNAMED --add-opens=java.prefs/java.util.prefs=ALL-UNNAMED --add-exports=jdk.compiler/com.sun.tools.javac.api=ALL-UNNAMED --add-exports=jdk.compiler/com.sun.tools.javac.util=ALL-UNNAMED --add-opens=java.base/java.util=ALL-UNNAMED --add-opens=java.prefs/java.util.prefs=ALL-UNNAMED --add-opens=java.base/java.nio.charset=ALL-UNNAMED --add-opens=java.base/java.net=ALL-UNNAMED --add-opens=java.base/java.util.concurrent.atomic=ALL-UNNAMED --add-opens=java.xml/javax.xml.namespace=ALL-UNNAMED -Xmx2048m -Dfile.encoding=UTF-8 -Duser.country=US -Duser.language=en -Duser.variant -javaagent:C:\Users\admin\.gradle\wrapper\dists\gradle-8.11.1-bin\bpt9gzteqjrbo1mjrsomdt32c\gradle-8.11.1\lib\agents\gradle-instrumentation-agent-8.11.1.jar org.gradle.launcher.daemon.bootstrap.GradleDaemon 8.11.1

Host: Intel(R) Core(TM) i5-8265U CPU @ 1.60GHz, 8 cores, 7G,  Windows 11 , 64 bit Build 26100 (10.0.26100.4768)
Time: Sat Jul 26 23:22:41 2025 E. Africa Standard Time elapsed time: 37.522621 seconds (0d 0h 0m 37s)

---------------  T H R E A D  ---------------

Current thread (0x00000245ef430040):  JavaThread "C2 CompilerThread1" daemon [_thread_in_native, id=10492, stack(0x000000e5a3f00000,0x000000e5a4000000) (1024K)]


Current CompileTask:
C2:37522 10646       4       org.gradle.internal.reflect.ClassInspector::inspectClass (179 bytes)

Stack: [0x000000e5a3f00000,0x000000e5a4000000]
Native frames: (J=compiled Java code, j=interpreted, Vv=VM code, C=native code)
V  [jvm.dll+0x6ce119]
V  [jvm.dll+0x8a84a1]
V  [jvm.dll+0x8aa9ce]
V  [jvm.dll+0x8ab0b3]
V  [jvm.dll+0x27f8a6]
V  [jvm.dll+0xc507d]
V  [jvm.dll+0xc55b3]
V  [jvm.dll+0x3b68f2]
V  [jvm.dll+0x382aa5]
V  [jvm.dll+0x381f0a]
V  [jvm.dll+0x247af0]
V  [jvm.dll+0x2470cf]
V  [jvm.dll+0x1c760e]
V  [jvm.dll+0x25695a]
V  [jvm.dll+0x254efa]
V  [jvm.dll+0x3f03f6]
V  [jvm.dll+0x851f6b]
V  [jvm.dll+0x6cc7dd]
C  [ucrtbase.dll+0x37b0]
C  [KERNEL32.DLL+0x2e8d7]
C  [ntdll.dll+0x3c34c]


---------------  P R O C E S S  ---------------

Threads class SMR info:
_java_thread_list=0x00000245ed164bf0, length=56, elements={
0x00000245c53d9750, 0x00000245e452c5a0, 0x00000245e452de10, 0x00000245e4534390,
0x00000245e4537680, 0x00000245e453a330, 0x00000245e453cd90, 0x00000245e45421f0,
0x00000245e454e190, 0x00000245e4612010, 0x00000245e47cdd50, 0x00000245ea5e4580,
0x00000245e9b9b9c0, 0x00000245e98c0e20, 0x00000245e9210aa0, 0x00000245e9919390,
0x00000245e9c77920, 0x00000245e9c6e810, 0x00000245e481e6b0, 0x00000245ea798010,
0x00000245ea798d30, 0x00000245ea797980, 0x00000245ea795f40, 0x00000245ea7965d0,
0x00000245ea796c60, 0x00000245ea7972f0, 0x00000245ea7986a0, 0x00000245ea7993c0,
0x00000245ed2bbd40, 0x00000245ed2b88c0, 0x00000245ed2ba300, 0x00000245ed2ba990,
0x00000245ed2b95e0, 0x00000245ed2b8f50, 0x00000245ed2be4a0, 0x00000245ed2bc3d0,
0x00000245ed2bd780, 0x00000245ed2bca60, 0x00000245ed2bd0f0, 0x00000245ed2bde10,
0x00000245ed2beb30, 0x00000245ed2bb6b0, 0x00000245ed2bf1c0, 0x00000245ed2bf850,
0x00000245ed2bfee0, 0x00000245ecf06c40, 0x00000245ecf07ff0, 0x00000245ecf072d0,
0x00000245ecf065b0, 0x00000245ecf08680, 0x00000245ecf07960, 0x00000245ecf08d10,
0x00000245ecf05f20, 0x00000245ecf0a750, 0x00000245ecf0ade0, 0x00000245ef430040
}

Java Threads: ( => current thread )
  0x00000245c53d9750 JavaThread "main"                              [_thread_blocked, id=2812, stack(0x000000e59fa00000,0x000000e59fb00000) (1024K)]
  0x00000245e452c5a0 JavaThread "Reference Handler"          daemon [_thread_blocked, id=19868, stack(0x000000e5a0200000,0x000000e5a0300000) (1024K)]
  0x00000245e452de10 JavaThread "Finalizer"                  daemon [_thread_blocked, id=12772, stack(0x000000e5a0300000,0x000000e5a0400000) (1024K)]
  0x00000245e4534390 JavaThread "Signal Dispatcher"          daemon [_thread_blocked, id=12636, stack(0x000000e5a0400000,0x000000e5a0500000) (1024K)]
  0x00000245e4537680 JavaThread "Attach Listener"            daemon [_thread_blocked, id=6968, stack(0x000000e5a0500000,0x000000e5a0600000) (1024K)]
  0x00000245e453a330 JavaThread "Service Thread"             daemon [_thread_blocked, id=1448, stack(0x000000e5a0600000,0x000000e5a0700000) (1024K)]
  0x00000245e453cd90 JavaThread "Monitor Deflation Thread"   daemon [_thread_blocked, id=3936, stack(0x000000e5a0700000,0x000000e5a0800000) (1024K)]
  0x00000245e45421f0 JavaThread "C2 CompilerThread0"         daemon [_thread_in_native, id=13572, stack(0x000000e5a0800000,0x000000e5a0900000) (1024K)]
  0x00000245e454e190 JavaThread "C1 CompilerThread0"         daemon [_thread_in_native, id=18860, stack(0x000000e5a0900000,0x000000e5a0a00000) (1024K)]
  0x00000245e4612010 JavaThread "Common-Cleaner"             daemon [_thread_blocked, id=15848, stack(0x000000e5a0a00000,0x000000e5a0b00000) (1024K)]
  0x00000245e47cdd50 JavaThread "Notification Thread"        daemon [_thread_blocked, id=6640, stack(0x000000e5a0b00000,0x000000e5a0c00000) (1024K)]
  0x00000245ea5e4580 JavaThread "Daemon health stats"               [_thread_blocked, id=18380, stack(0x000000e5a1200000,0x000000e5a1300000) (1024K)]
  0x00000245e9b9b9c0 JavaThread "Incoming local TCP Connector on port 53734"        [_thread_in_native, id=3448, stack(0x000000e5a1100000,0x000000e5a1200000) (1024K)]
  0x00000245e98c0e20 JavaThread "Daemon periodic checks"            [_thread_blocked, id=11236, stack(0x000000e5a1300000,0x000000e5a1400000) (1024K)]
  0x00000245e9210aa0 JavaThread "Daemon"                            [_thread_blocked, id=6464, stack(0x000000e5a1400000,0x000000e5a1500000) (1024K)]
  0x00000245e9919390 JavaThread "Handler for socket connection from /127.0.0.1:53734 to /127.0.0.1:53735"        [_thread_in_native, id=20096, stack(0x000000e5a1500000,0x000000e5a1600000) (1024K)]
  0x00000245e9c77920 JavaThread "Cancel handler"                    [_thread_blocked, id=8096, stack(0x000000e5a1600000,0x000000e5a1700000) (1024K)]
  0x00000245e9c6e810 JavaThread "Daemon worker"                     [_thread_in_Java, id=19516, stack(0x000000e5a1700000,0x000000e5a1800000) (1024K)]
  0x00000245e481e6b0 JavaThread "Asynchronous log dispatcher for DefaultDaemonConnection: socket connection from /127.0.0.1:53734 to /127.0.0.1:53735"        [_thread_blocked, id=800, stack(0x000000e5a1800000,0x000000e5a1900000) (1024K)]
  0x00000245ea798010 JavaThread "Stdin handler"                     [_thread_blocked, id=18460, stack(0x000000e5a1900000,0x000000e5a1a00000) (1024K)]
  0x00000245ea798d30 JavaThread "Daemon client event forwarder"        [_thread_blocked, id=5892, stack(0x000000e5a1a00000,0x000000e5a1b00000) (1024K)]
  0x00000245ea797980 JavaThread "Cache worker for journal cache (C:\Users\admin\.gradle\caches\journal-1)"        [_thread_blocked, id=3648, stack(0x000000e5a1b00000,0x000000e5a1c00000) (1024K)]
  0x00000245ea795f40 JavaThread "File lock request listener"        [_thread_in_native, id=4012, stack(0x000000e5a1c00000,0x000000e5a1d00000) (1024K)]
  0x00000245ea7965d0 JavaThread "Cache worker for file hash cache (C:\Users\admin\.gradle\caches\8.11.1\fileHashes)"        [_thread_blocked, id=5672, stack(0x000000e5a1d00000,0x000000e5a1e00000) (1024K)]
  0x00000245ea796c60 JavaThread "Cache worker for file content cache (C:\Users\admin\.gradle\caches\8.11.1\fileContent)"        [_thread_blocked, id=14272, stack(0x000000e5a2100000,0x000000e5a2200000) (1024K)]
  0x00000245ea7972f0 JavaThread "Cache worker for file hash cache (C:\Users\admin\Desktop\Web_development\RaceFeeds\.gradle\8.11.1\fileHashes)"        [_thread_blocked, id=15308, stack(0x000000e5a2300000,0x000000e5a2400000) (1024K)]
  0x00000245ea7986a0 JavaThread "Cache worker for Build Output Cleanup Cache (C:\Users\admin\Desktop\Web_development\RaceFeeds\.gradle\buildOutputCleanup)"        [_thread_blocked, id=15828, stack(0x000000e5a2400000,0x000000e5a2500000) (1024K)]
  0x00000245ea7993c0 JavaThread "File watcher server"        daemon [_thread_in_native, id=16696, stack(0x000000e5a2500000,0x000000e5a2600000) (1024K)]
  0x00000245ed2bbd40 JavaThread "File watcher consumer"      daemon [_thread_blocked, id=16592, stack(0x000000e5a2600000,0x000000e5a2700000) (1024K)]
  0x00000245ed2b88c0 JavaThread "Cache worker for checksums cache (C:\Users\admin\Desktop\Web_development\RaceFeeds\.gradle\8.11.1\checksums)"        [_thread_blocked, id=10316, stack(0x000000e5a2700000,0x000000e5a2800000) (1024K)]
  0x00000245ed2ba300 JavaThread "Cache worker for cache directory md-rule (C:\Users\admin\.gradle\caches\8.11.1\md-rule)"        [_thread_blocked, id=19268, stack(0x000000e5a2800000,0x000000e5a2900000) (1024K)]
  0x00000245ed2ba990 JavaThread "Cache worker for cache directory md-supplier (C:\Users\admin\.gradle\caches\8.11.1\md-supplier)"        [_thread_blocked, id=11100, stack(0x000000e5a2a00000,0x000000e5a2b00000) (1024K)]
  0x00000245ed2b95e0 JavaThread "Unconstrained build operations"        [_thread_blocked, id=13916, stack(0x000000e5a2900000,0x000000e5a2a00000) (1024K)]
  0x00000245ed2b8f50 JavaThread "Unconstrained build operations Thread 2"        [_thread_blocked, id=20428, stack(0x000000e5a2b00000,0x000000e5a2c00000) (1024K)]
  0x00000245ed2be4a0 JavaThread "Unconstrained build operations Thread 3"        [_thread_blocked, id=19812, stack(0x000000e5a2c00000,0x000000e5a2d00000) (1024K)]
  0x00000245ed2bc3d0 JavaThread "Unconstrained build operations Thread 4"        [_thread_blocked, id=18672, stack(0x000000e5a2d00000,0x000000e5a2e00000) (1024K)]
  0x00000245ed2bd780 JavaThread "Unconstrained build operations Thread 5"        [_thread_blocked, id=18216, stack(0x000000e5a2e00000,0x000000e5a2f00000) (1024K)]
  0x00000245ed2bca60 JavaThread "Unconstrained build operations Thread 6"        [_thread_blocked, id=772, stack(0x000000e5a2f00000,0x000000e5a3000000) (1024K)]
  0x00000245ed2bd0f0 JavaThread "Unconstrained build operations Thread 7"        [_thread_blocked, id=2256, stack(0x000000e5a3000000,0x000000e5a3100000) (1024K)]
  0x00000245ed2bde10 JavaThread "Unconstrained build operations Thread 8"        [_thread_blocked, id=11656, stack(0x000000e5a3100000,0x000000e5a3200000) (1024K)]
  0x00000245ed2beb30 JavaThread "Unconstrained build operations Thread 9"        [_thread_blocked, id=6912, stack(0x000000e5a3200000,0x000000e5a3300000) (1024K)]
  0x00000245ed2bb6b0 JavaThread "Unconstrained build operations Thread 10"        [_thread_blocked, id=19876, stack(0x000000e5a3300000,0x000000e5a3400000) (1024K)]
  0x00000245ed2bf1c0 JavaThread "Unconstrained build operations Thread 11"        [_thread_blocked, id=2396, stack(0x000000e5a3400000,0x000000e5a3500000) (1024K)]
  0x00000245ed2bf850 JavaThread "Unconstrained build operations Thread 12"        [_thread_blocked, id=8076, stack(0x000000e5a3500000,0x000000e5a3600000) (1024K)]
  0x00000245ed2bfee0 JavaThread "Unconstrained build operations Thread 13"        [_thread_blocked, id=2676, stack(0x000000e5a3600000,0x000000e5a3700000) (1024K)]
  0x00000245ecf06c40 JavaThread "Unconstrained build operations Thread 14"        [_thread_blocked, id=11356, stack(0x000000e5a3700000,0x000000e5a3800000) (1024K)]
  0x00000245ecf07ff0 JavaThread "Unconstrained build operations Thread 15"        [_thread_blocked, id=14156, stack(0x000000e5a2000000,0x000000e5a2100000) (1024K)]
  0x00000245ecf072d0 JavaThread "Unconstrained build operations Thread 16"        [_thread_blocked, id=11756, stack(0x000000e5a3800000,0x000000e5a3900000) (1024K)]
  0x00000245ecf065b0 JavaThread "Unconstrained build operations Thread 17"        [_thread_blocked, id=7772, stack(0x000000e5a3900000,0x000000e5a3a00000) (1024K)]
  0x00000245ecf08680 JavaThread "Unconstrained build operations Thread 18"        [_thread_blocked, id=11772, stack(0x000000e5a3a00000,0x000000e5a3b00000) (1024K)]
  0x00000245ecf07960 JavaThread "Unconstrained build operations Thread 19"        [_thread_blocked, id=17164, stack(0x000000e5a3b00000,0x000000e5a3c00000) (1024K)]
  0x00000245ecf08d10 JavaThread "Unconstrained build operations Thread 20"        [_thread_blocked, id=17088, stack(0x000000e5a3c00000,0x000000e5a3d00000) (1024K)]
  0x00000245ecf05f20 JavaThread "Unconstrained build operations Thread 21"        [_thread_blocked, id=1092, stack(0x000000e5a3d00000,0x000000e5a3e00000) (1024K)]
  0x00000245ecf0a750 JavaThread "Memory manager"                    [_thread_blocked, id=18308, stack(0x000000e5a3e00000,0x000000e5a3f00000) (1024K)]
  0x00000245ecf0ade0 JavaThread "build event listener"              [_thread_blocked, id=14292, stack(0x000000e5a4000000,0x000000e5a4100000) (1024K)]
=>0x00000245ef430040 JavaThread "C2 CompilerThread1"         daemon [_thread_in_native, id=10492, stack(0x000000e5a3f00000,0x000000e5a4000000) (1024K)]
Total: 56

Other Threads:
  0x00000245e45142f0 VMThread "VM Thread"                           [id=7080, stack(0x000000e5a0100000,0x000000e5a0200000) (1024K)]
  0x00000245e4501fa0 WatcherThread "VM Periodic Task Thread"        [id=18848, stack(0x000000e5a0000000,0x000000e5a0100000) (1024K)]
  0x00000245c7926720 WorkerThread "GC Thread#0"                     [id=1560, stack(0x000000e59fb00000,0x000000e59fc00000) (1024K)]
  0x00000245e48f8950 WorkerThread "GC Thread#1"                     [id=17460, stack(0x000000e5a0d00000,0x000000e5a0e00000) (1024K)]
  0x00000245e93eb820 WorkerThread "GC Thread#2"                     [id=4716, stack(0x000000e5a0e00000,0x000000e5a0f00000) (1024K)]
  0x00000245e91b4770 WorkerThread "GC Thread#3"                     [id=5232, stack(0x000000e5a0f00000,0x000000e5a1000000) (1024K)]
  0x00000245e92a7f00 WorkerThread "GC Thread#4"                     [id=19068, stack(0x000000e5a1000000,0x000000e5a1100000) (1024K)]
  0x00000245ea7e3b20 WorkerThread "GC Thread#5"                     [id=13412, stack(0x000000e5a0c00000,0x000000e5a0d00000) (1024K)]
  0x00000245eaf6b900 WorkerThread "GC Thread#6"                     [id=6024, stack(0x000000e5a1e00000,0x000000e5a1f00000) (1024K)]
  0x00000245eaf6c040 WorkerThread "GC Thread#7"                     [id=16524, stack(0x000000e5a1f00000,0x000000e5a2000000) (1024K)]
  0x00000245c79374b0 ConcurrentGCThread "G1 Main Marker"            [id=12124, stack(0x000000e59fc00000,0x000000e59fd00000) (1024K)]
  0x00000245c7938a80 WorkerThread "G1 Conc#0"                       [id=9640, stack(0x000000e59fd00000,0x000000e59fe00000) (1024K)]
  0x00000245eaf6bca0 WorkerThread "G1 Conc#1"                       [id=19496, stack(0x000000e5a2200000,0x000000e5a2300000) (1024K)]
  0x00000245c798e640 ConcurrentGCThread "G1 Refine#0"               [id=11064, stack(0x000000e59fe00000,0x000000e59ff00000) (1024K)]
  0x00000245e43ca130 ConcurrentGCThread "G1 Service"                [id=18588, stack(0x000000e59ff00000,0x000000e5a0000000) (1024K)]
Total: 15

Threads with active compile tasks:
C2 CompilerThread0  37676 10641       4       org.gradle.internal.instantiation.generator.AbstractClassGenerator::inspectType (560 bytes)
C1 CompilerThread0  37677 10719       3       org.gradle.internal.event.DefaultListenerManager::assertCanBroadcast (101 bytes)
C2 CompilerThread1  37677 10646       4       org.gradle.internal.reflect.ClassInspector::inspectClass (179 bytes)
Total: 3

VM state: not at safepoint (normal execution)

VM Mutex/Monitor currently owned by a thread: None

Heap address: 0x0000000080000000, size: 2048 MB, Compressed Oops mode: 32-bit

CDS archive(s) mapped at: [0x0000024580000000-0x0000024580c80000-0x0000024580c80000), size 13107200, SharedBaseAddress: 0x0000024580000000, ArchiveRelocationMode: 1.
Compressed class space mapped at: 0x0000024581000000-0x00000245c1000000, reserved size: 1073741824
Narrow klass base: 0x0000024580000000, Narrow klass shift: 0, Narrow klass range: 0x100000000

GC Precious Log:
 CardTable entry size: 512
 Card Set container configuration: InlinePtr #cards 5 size 8 Array Of Cards #cards 12 size 40 Howl #buckets 4 coarsen threshold 1843 Howl Bitmap #cards 512 size 80 coarsen threshold 460 Card regions per heap region 1 cards per card region 2048
 CPUs: 8 total, 8 available
 Memory: 7591M
 Large Page Support: Disabled
 NUMA Support: Disabled
 Compressed Oops: Enabled (32-bit)
 Heap Region Size: 1M
 Heap Min Capacity: 8M
 Heap Initial Capacity: 120M
 Heap Max Capacity: 2G
 Pre-touch: Disabled
 Parallel Workers: 8
 Concurrent Workers: 2
 Concurrent Refinement Workers: 8
 Periodic GC: Disabled

Heap:
 garbage-first heap   total 158720K, used 137240K [0x0000000080000000, 0x0000000100000000)
  region size 1024K, 47 young (48128K), 3 survivors (3072K)
 Metaspace       used 85531K, committed 87680K, reserved 1179648K
  class space    used 11948K, committed 13056K, reserved 1048576K

Heap Regions: E=young(eden), S=young(survivor), O=old, HS=humongous(starts), HC=humongous(continues), CS=collection set, F=free, TAMS=top-at-mark-start, PB=parsable bottom
|   0|0x0000000080000000, 0x0000000080100000, 0x0000000080100000|100%| O|  |TAMS 0x0000000080000000| PB 0x0000000080000000| Untracked 
|   1|0x0000000080100000, 0x0000000080200000, 0x0000000080200000|100%|HS|  |TAMS 0x0000000080100000| PB 0x0000000080100000| Complete 
|   2|0x0000000080200000, 0x0000000080300000, 0x0000000080300000|100%|HC|  |TAMS 0x0000000080200000| PB 0x0000000080200000| Complete 
|   3|0x0000000080300000, 0x0000000080400000, 0x0000000080400000|100%|HC|  |TAMS 0x0000000080300000| PB 0x0000000080300000| Complete 
|   4|0x0000000080400000, 0x0000000080500000, 0x0000000080500000|100%| O|  |TAMS 0x0000000080400000| PB 0x0000000080400000| Untracked 
|   5|0x0000000080500000, 0x0000000080600000, 0x0000000080600000|100%| O|  |TAMS 0x0000000080500000| PB 0x0000000080500000| Untracked 
|   6|0x0000000080600000, 0x0000000080700000, 0x0000000080700000|100%| O|  |TAMS 0x0000000080600000| PB 0x0000000080600000| Untracked 
|   7|0x0000000080700000, 0x0000000080800000, 0x0000000080800000|100%|HS|  |TAMS 0x0000000080700000| PB 0x0000000080700000| Complete 
|   8|0x0000000080800000, 0x0000000080900000, 0x0000000080900000|100%| O|Cm|TAMS 0x0000000080800000| PB 0x0000000080800000| Complete 
|   9|0x0000000080900000, 0x0000000080a00000, 0x0000000080a00000|100%| O|  |TAMS 0x0000000080900000| PB 0x0000000080900000| Untracked 
|  10|0x0000000080a00000, 0x0000000080b00000, 0x0000000080b00000|100%| O|  |TAMS 0x0000000080a00000| PB 0x0000000080a00000| Untracked 
|  11|0x0000000080b00000, 0x0000000080c00000, 0x0000000080c00000|100%| O|  |TAMS 0x0000000080b00000| PB 0x0000000080b00000| Untracked 
|  12|0x0000000080c00000, 0x0000000080d00000, 0x0000000080d00000|100%| O|  |TAMS 0x0000000080c00000| PB 0x0000000080c00000| Untracked 
|  13|0x0000000080d00000, 0x0000000080e00000, 0x0000000080e00000|100%| O|  |TAMS 0x0000000080d00000| PB 0x0000000080d00000| Untracked 
|  14|0x0000000080e00000, 0x0000000080f00000, 0x0000000080f00000|100%| O|  |TAMS 0x0000000080e00000| PB 0x0000000080e00000| Untracked 
|  15|0x0000000080f00000, 0x0000000081000000, 0x0000000081000000|100%| O|  |TAMS 0x0000000080f00000| PB 0x0000000080f00000| Untracked 
|  16|0x0000000081000000, 0x0000000081100000, 0x0000000081100000|100%| O|  |TAMS 0x0000000081000000| PB 0x0000000081000000| Untracked 
|  17|0x0000000081100000, 0x0000000081200000, 0x0000000081200000|100%| O|  |TAMS 0x0000000081100000| PB 0x0000000081100000| Untracked 
|  18|0x0000000081200000, 0x0000000081300000, 0x0000000081300000|100%| O|  |TAMS 0x0000000081200000| PB 0x0000000081200000| Untracked 
|  19|0x0000000081300000, 0x0000000081400000, 0x0000000081400000|100%| O|  |TAMS 0x0000000081300000| PB 0x0000000081300000| Untracked 
|  20|0x0000000081400000, 0x0000000081500000, 0x0000000081500000|100%| O|  |TAMS 0x0000000081400000| PB 0x0000000081400000| Untracked 
|  21|0x0000000081500000, 0x0000000081600000, 0x0000000081600000|100%| O|  |TAMS 0x0000000081500000| PB 0x0000000081500000| Untracked 
|  22|0x0000000081600000, 0x0000000081700000, 0x0000000081700000|100%| O|  |TAMS 0x0000000081600000| PB 0x0000000081600000| Untracked 
|  23|0x0000000081700000, 0x0000000081800000, 0x0000000081800000|100%| O|  |TAMS 0x0000000081700000| PB 0x0000000081700000| Untracked 
|  24|0x0000000081800000, 0x0000000081900000, 0x0000000081900000|100%| O|  |TAMS 0x0000000081800000| PB 0x0000000081800000| Untracked 
|  25|0x0000000081900000, 0x0000000081a00000, 0x0000000081a00000|100%| O|  |TAMS 0x0000000081900000| PB 0x0000000081900000| Untracked 
|  26|0x0000000081a00000, 0x0000000081b00000, 0x0000000081b00000|100%| O|  |TAMS 0x0000000081a00000| PB 0x0000000081a00000| Untracked 
|  27|0x0000000081b00000, 0x0000000081c00000, 0x0000000081c00000|100%| O|  |TAMS 0x0000000081b00000| PB 0x0000000081b00000| Untracked 
|  28|0x0000000081c00000, 0x0000000081d00000, 0x0000000081d00000|100%| O|  |TAMS 0x0000000081c00000| PB 0x0000000081c00000| Untracked 
|  29|0x0000000081d00000, 0x0000000081e00000, 0x0000000081e00000|100%| O|  |TAMS 0x0000000081d00000| PB 0x0000000081d00000| Untracked 
|  30|0x0000000081e00000, 0x0000000081f00000, 0x0000000081f00000|100%| O|  |TAMS 0x0000000081e00000| PB 0x0000000081e00000| Untracked 
|  31|0x0000000081f00000, 0x0000000082000000, 0x0000000082000000|100%| O|  |TAMS 0x0000000081f00000| PB 0x0000000081f00000| Untracked 
|  32|0x0000000082000000, 0x0000000082100000, 0x0000000082100000|100%| O|  |TAMS 0x0000000082000000| PB 0x0000000082000000| Untracked 
|  33|0x0000000082100000, 0x0000000082200000, 0x0000000082200000|100%| O|  |TAMS 0x0000000082100000| PB 0x0000000082100000| Untracked 
|  34|0x0000000082200000, 0x0000000082300000, 0x0000000082300000|100%| O|  |TAMS 0x0000000082200000| PB 0x0000000082200000| Untracked 
|  35|0x0000000082300000, 0x0000000082400000, 0x0000000082400000|100%| O|  |TAMS 0x0000000082300000| PB 0x0000000082300000| Untracked 
|  36|0x0000000082400000, 0x0000000082500000, 0x0000000082500000|100%| O|  |TAMS 0x0000000082400000| PB 0x0000000082400000| Untracked 
|  37|0x0000000082500000, 0x0000000082600000, 0x0000000082600000|100%| O|  |TAMS 0x0000000082500000| PB 0x0000000082500000| Untracked 
|  38|0x0000000082600000, 0x0000000082700000, 0x0000000082700000|100%| O|  |TAMS 0x0000000082600000| PB 0x0000000082600000| Untracked 
|  39|0x0000000082700000, 0x0000000082800000, 0x0000000082800000|100%| O|  |TAMS 0x0000000082700000| PB 0x0000000082700000| Untracked 
|  40|0x0000000082800000, 0x0000000082900000, 0x0000000082900000|100%| O|  |TAMS 0x0000000082800000| PB 0x0000000082800000| Untracked 
|  41|0x0000000082900000, 0x0000000082a00000, 0x0000000082a00000|100%| O|  |TAMS 0x0000000082900000| PB 0x0000000082900000| Untracked 
|  42|0x0000000082a00000, 0x0000000082b00000, 0x0000000082b00000|100%| O|  |TAMS 0x0000000082a00000| PB 0x0000000082a00000| Untracked 
|  43|0x0000000082b00000, 0x0000000082c00000, 0x0000000082c00000|100%| O|  |TAMS 0x0000000082b00000| PB 0x0000000082b00000| Untracked 
|  44|0x0000000082c00000, 0x0000000082d00000, 0x0000000082d00000|100%| O|  |TAMS 0x0000000082c00000| PB 0x0000000082c00000| Untracked 
|  45|0x0000000082d00000, 0x0000000082e00000, 0x0000000082e00000|100%| O|  |TAMS 0x0000000082d00000| PB 0x0000000082d00000| Untracked 
|  46|0x0000000082e00000, 0x0000000082f00000, 0x0000000082f00000|100%|HS|  |TAMS 0x0000000082e00000| PB 0x0000000082e00000| Complete 
|  47|0x0000000082f00000, 0x0000000083000000, 0x0000000083000000|100%|HS|  |TAMS 0x0000000082f00000| PB 0x0000000082f00000| Complete 
|  48|0x0000000083000000, 0x0000000083100000, 0x0000000083100000|100%|HS|  |TAMS 0x0000000083000000| PB 0x0000000083000000| Complete 
|  49|0x0000000083100000, 0x0000000083200000, 0x0000000083200000|100%|HC|  |TAMS 0x0000000083100000| PB 0x0000000083100000| Complete 
|  50|0x0000000083200000, 0x0000000083300000, 0x0000000083300000|100%|HS|  |TAMS 0x0000000083200000| PB 0x0000000083200000| Complete 
|  51|0x0000000083300000, 0x0000000083400000, 0x0000000083400000|100%|HC|  |TAMS 0x0000000083300000| PB 0x0000000083300000| Complete 
|  52|0x0000000083400000, 0x0000000083500000, 0x0000000083500000|100%|HS|  |TAMS 0x0000000083400000| PB 0x0000000083400000| Complete 
|  53|0x0000000083500000, 0x0000000083600000, 0x0000000083600000|100%|HS|  |TAMS 0x0000000083500000| PB 0x0000000083500000| Complete 
|  54|0x0000000083600000, 0x0000000083700000, 0x0000000083700000|100%|HC|  |TAMS 0x0000000083600000| PB 0x0000000083600000| Complete 
|  55|0x0000000083700000, 0x0000000083800000, 0x0000000083800000|100%|HC|  |TAMS 0x0000000083700000| PB 0x0000000083700000| Complete 
|  56|0x0000000083800000, 0x0000000083900000, 0x0000000083900000|100%|HS|  |TAMS 0x0000000083800000| PB 0x0000000083800000| Complete 
|  57|0x0000000083900000, 0x0000000083a00000, 0x0000000083a00000|100%| O|  |TAMS 0x0000000083900000| PB 0x0000000083900000| Untracked 
|  58|0x0000000083a00000, 0x0000000083b00000, 0x0000000083b00000|100%|HS|  |TAMS 0x0000000083a00000| PB 0x0000000083a00000| Complete 
|  59|0x0000000083b00000, 0x0000000083c00000, 0x0000000083c00000|100%|HS|  |TAMS 0x0000000083b00000| PB 0x0000000083b00000| Complete 
|  60|0x0000000083c00000, 0x0000000083d00000, 0x0000000083d00000|100%| O|  |TAMS 0x0000000083c00000| PB 0x0000000083c00000| Untracked 
|  61|0x0000000083d00000, 0x0000000083e00000, 0x0000000083e00000|100%| O|  |TAMS 0x0000000083d00000| PB 0x0000000083d00000| Untracked 
|  62|0x0000000083e00000, 0x0000000083f00000, 0x0000000083f00000|100%| O|  |TAMS 0x0000000083e00000| PB 0x0000000083e00000| Untracked 
|  63|0x0000000083f00000, 0x0000000084000000, 0x0000000084000000|100%| O|  |TAMS 0x0000000083f00000| PB 0x0000000083f00000| Untracked 
|  64|0x0000000084000000, 0x0000000084100000, 0x0000000084100000|100%| O|Cm|TAMS 0x0000000084000000| PB 0x0000000084000000| Complete 
|  65|0x0000000084100000, 0x0000000084200000, 0x0000000084200000|100%| O|  |TAMS 0x0000000084100000| PB 0x0000000084100000| Untracked 
|  66|0x0000000084200000, 0x0000000084300000, 0x0000000084300000|100%| O|  |TAMS 0x0000000084200000| PB 0x0000000084200000| Untracked 
|  67|0x0000000084300000, 0x0000000084400000, 0x0000000084400000|100%| O|  |TAMS 0x0000000084300000| PB 0x0000000084300000| Untracked 
|  68|0x0000000084400000, 0x0000000084500000, 0x0000000084500000|100%| O|  |TAMS 0x0000000084400000| PB 0x0000000084400000| Untracked 
|  69|0x0000000084500000, 0x0000000084600000, 0x0000000084600000|100%|HS|  |TAMS 0x0000000084500000| PB 0x0000000084500000| Complete 
|  70|0x0000000084600000, 0x0000000084700000, 0x0000000084700000|100%| O|  |TAMS 0x0000000084600000| PB 0x0000000084600000| Untracked 
|  71|0x0000000084700000, 0x0000000084800000, 0x0000000084800000|100%| O|  |TAMS 0x0000000084700000| PB 0x0000000084700000| Untracked 
|  72|0x0000000084800000, 0x0000000084900000, 0x0000000084900000|100%| O|  |TAMS 0x0000000084800000| PB 0x0000000084800000| Untracked 
|  73|0x0000000084900000, 0x0000000084a00000, 0x0000000084a00000|100%| O|  |TAMS 0x0000000084900000| PB 0x0000000084900000| Untracked 
|  74|0x0000000084a00000, 0x0000000084b00000, 0x0000000084b00000|100%|HS|  |TAMS 0x0000000084a00000| PB 0x0000000084a00000| Complete 
|  75|0x0000000084b00000, 0x0000000084c00000, 0x0000000084c00000|100%|HC|  |TAMS 0x0000000084b00000| PB 0x0000000084b00000| Complete 
|  76|0x0000000084c00000, 0x0000000084d00000, 0x0000000084d00000|100%|HC|  |TAMS 0x0000000084c00000| PB 0x0000000084c00000| Complete 
|  77|0x0000000084d00000, 0x0000000084e00000, 0x0000000084e00000|100%| O|  |TAMS 0x0000000084d00000| PB 0x0000000084d00000| Untracked 
|  78|0x0000000084e00000, 0x0000000084f00000, 0x0000000084f00000|100%| O|  |TAMS 0x0000000084e00000| PB 0x0000000084e00000| Untracked 
|  79|0x0000000084f00000, 0x0000000085000000, 0x0000000085000000|100%| O|  |TAMS 0x0000000084f00000| PB 0x0000000084f00000| Untracked 
|  80|0x0000000085000000, 0x0000000085100000, 0x0000000085100000|100%| O|  |TAMS 0x0000000085000000| PB 0x0000000085000000| Untracked 
|  81|0x0000000085100000, 0x0000000085200000, 0x0000000085200000|100%| O|  |TAMS 0x0000000085100000| PB 0x0000000085100000| Untracked 
|  82|0x0000000085200000, 0x0000000085300000, 0x0000000085300000|100%| O|  |TAMS 0x0000000085200000| PB 0x0000000085200000| Untracked 
|  83|0x0000000085300000, 0x0000000085400000, 0x0000000085400000|100%| O|  |TAMS 0x0000000085300000| PB 0x0000000085300000| Untracked 
|  84|0x0000000085400000, 0x0000000085500000, 0x0000000085500000|100%| O|  |TAMS 0x0000000085400000| PB 0x0000000085400000| Untracked 
|  85|0x0000000085500000, 0x0000000085500000, 0x0000000085600000|  0%| F|  |TAMS 0x0000000085500000| PB 0x0000000085500000| Untracked 
|  86|0x0000000085600000, 0x0000000085600000, 0x0000000085700000|  0%| F|  |TAMS 0x0000000085600000| PB 0x0000000085600000| Untracked 
|  87|0x0000000085700000, 0x0000000085700000, 0x0000000085800000|  0%| F|  |TAMS 0x0000000085700000| PB 0x0000000085700000| Untracked 
|  88|0x0000000085800000, 0x0000000085800000, 0x0000000085900000|  0%| F|  |TAMS 0x0000000085800000| PB 0x0000000085800000| Untracked 
|  89|0x0000000085900000, 0x0000000085900000, 0x0000000085a00000|  0%| F|  |TAMS 0x0000000085900000| PB 0x0000000085900000| Untracked 
|  90|0x0000000085a00000, 0x0000000085a12728, 0x0000000085b00000|  7%| O|  |TAMS 0x0000000085a00000| PB 0x0000000085a00000| Untracked 
|  91|0x0000000085b00000, 0x0000000085b00000, 0x0000000085c00000|  0%| F|  |TAMS 0x0000000085b00000| PB 0x0000000085b00000| Untracked 
|  92|0x0000000085c00000, 0x0000000085c00000, 0x0000000085d00000|  0%| F|  |TAMS 0x0000000085c00000| PB 0x0000000085c00000| Untracked 
|  93|0x0000000085d00000, 0x0000000085d00000, 0x0000000085e00000|  0%| F|  |TAMS 0x0000000085d00000| PB 0x0000000085d00000| Untracked 
|  94|0x0000000085e00000, 0x0000000085e00000, 0x0000000085f00000|  0%| F|  |TAMS 0x0000000085e00000| PB 0x0000000085e00000| Untracked 
|  95|0x0000000085f00000, 0x0000000085f00000, 0x0000000086000000|  0%| F|  |TAMS 0x0000000085f00000| PB 0x0000000085f00000| Untracked 
|  96|0x0000000086000000, 0x0000000086000000, 0x0000000086100000|  0%| F|  |TAMS 0x0000000086000000| PB 0x0000000086000000| Untracked 
|  97|0x0000000086100000, 0x0000000086100000, 0x0000000086200000|  0%| F|  |TAMS 0x0000000086100000| PB 0x0000000086100000| Untracked 
|  98|0x0000000086200000, 0x0000000086200000, 0x0000000086300000|  0%| F|  |TAMS 0x0000000086200000| PB 0x0000000086200000| Untracked 
|  99|0x0000000086300000, 0x0000000086300000, 0x0000000086400000|  0%| F|  |TAMS 0x0000000086300000| PB 0x0000000086300000| Untracked 
| 100|0x0000000086400000, 0x0000000086400000, 0x0000000086500000|  0%| F|  |TAMS 0x0000000086400000| PB 0x0000000086400000| Untracked 
| 101|0x0000000086500000, 0x0000000086500000, 0x0000000086600000|  0%| F|  |TAMS 0x0000000086500000| PB 0x0000000086500000| Untracked 
| 102|0x0000000086600000, 0x00000000866f3a40, 0x0000000086700000| 95%| S|CS|TAMS 0x0000000086600000| PB 0x0000000086600000| Complete 
| 103|0x0000000086700000, 0x0000000086700000, 0x0000000086800000|  0%| F|  |TAMS 0x0000000086700000| PB 0x0000000086700000| Untracked 
| 104|0x0000000086800000, 0x0000000086800000, 0x0000000086900000|  0%| F|  |TAMS 0x0000000086800000| PB 0x0000000086800000| Untracked 
| 105|0x0000000086900000, 0x0000000086900000, 0x0000000086a00000|  0%| F|  |TAMS 0x0000000086900000| PB 0x0000000086900000| Untracked 
| 106|0x0000000086a00000, 0x0000000086b00000, 0x0000000086b00000|100%| S|CS|TAMS 0x0000000086a00000| PB 0x0000000086a00000| Complete 
| 107|0x0000000086b00000, 0x0000000086c00000, 0x0000000086c00000|100%| S|CS|TAMS 0x0000000086b00000| PB 0x0000000086b00000| Complete 
| 108|0x0000000086c00000, 0x0000000086d00000, 0x0000000086d00000|100%| E|  |TAMS 0x0000000086c00000| PB 0x0000000086c00000| Complete 
| 109|0x0000000086d00000, 0x0000000086e00000, 0x0000000086e00000|100%| E|CS|TAMS 0x0000000086d00000| PB 0x0000000086d00000| Complete 
| 110|0x0000000086e00000, 0x0000000086f00000, 0x0000000086f00000|100%| E|CS|TAMS 0x0000000086e00000| PB 0x0000000086e00000| Complete 
| 111|0x0000000086f00000, 0x0000000087000000, 0x0000000087000000|100%| E|CS|TAMS 0x0000000086f00000| PB 0x0000000086f00000| Complete 
| 112|0x0000000087000000, 0x0000000087100000, 0x0000000087100000|100%| E|CS|TAMS 0x0000000087000000| PB 0x0000000087000000| Complete 
| 113|0x0000000087100000, 0x0000000087200000, 0x0000000087200000|100%| E|CS|TAMS 0x0000000087100000| PB 0x0000000087100000| Complete 
| 114|0x0000000087200000, 0x0000000087300000, 0x0000000087300000|100%| E|CS|TAMS 0x0000000087200000| PB 0x0000000087200000| Complete 
| 115|0x0000000087300000, 0x0000000087400000, 0x0000000087400000|100%| E|CS|TAMS 0x0000000087300000| PB 0x0000000087300000| Complete 
| 116|0x0000000087400000, 0x0000000087500000, 0x0000000087500000|100%| E|CS|TAMS 0x0000000087400000| PB 0x0000000087400000| Complete 
| 117|0x0000000087500000, 0x0000000087600000, 0x0000000087600000|100%| E|CS|TAMS 0x0000000087500000| PB 0x0000000087500000| Complete 
| 118|0x0000000087600000, 0x0000000087700000, 0x0000000087700000|100%| E|CS|TAMS 0x0000000087600000| PB 0x0000000087600000| Complete 
| 119|0x0000000087700000, 0x0000000087800000, 0x0000000087800000|100%| E|CS|TAMS 0x0000000087700000| PB 0x0000000087700000| Complete 
| 120|0x0000000087800000, 0x0000000087900000, 0x0000000087900000|100%| E|CS|TAMS 0x0000000087800000| PB 0x0000000087800000| Complete 
| 121|0x0000000087900000, 0x0000000087a00000, 0x0000000087a00000|100%| E|CS|TAMS 0x0000000087900000| PB 0x0000000087900000| Complete 
| 122|0x0000000087a00000, 0x0000000087b00000, 0x0000000087b00000|100%| E|CS|TAMS 0x0000000087a00000| PB 0x0000000087a00000| Complete 
| 123|0x0000000087b00000, 0x0000000087c00000, 0x0000000087c00000|100%| E|CS|TAMS 0x0000000087b00000| PB 0x0000000087b00000| Complete 
| 124|0x0000000087c00000, 0x0000000087d00000, 0x0000000087d00000|100%| E|CS|TAMS 0x0000000087c00000| PB 0x0000000087c00000| Complete 
| 125|0x0000000087d00000, 0x0000000087e00000, 0x0000000087e00000|100%| E|CS|TAMS 0x0000000087d00000| PB 0x0000000087d00000| Complete 
| 126|0x0000000087e00000, 0x0000000087f00000, 0x0000000087f00000|100%| E|CS|TAMS 0x0000000087e00000| PB 0x0000000087e00000| Complete 
| 127|0x0000000087f00000, 0x0000000088000000, 0x0000000088000000|100%| E|CS|TAMS 0x0000000087f00000| PB 0x0000000087f00000| Complete 
| 128|0x0000000088000000, 0x0000000088100000, 0x0000000088100000|100%| E|CS|TAMS 0x0000000088000000| PB 0x0000000088000000| Complete 
| 129|0x0000000088100000, 0x0000000088200000, 0x0000000088200000|100%| E|CS|TAMS 0x0000000088100000| PB 0x0000000088100000| Complete 
| 130|0x0000000088200000, 0x0000000088300000, 0x0000000088300000|100%| E|CS|TAMS 0x0000000088200000| PB 0x0000000088200000| Complete 
| 131|0x0000000088300000, 0x0000000088400000, 0x0000000088400000|100%| E|CS|TAMS 0x0000000088300000| PB 0x0000000088300000| Complete 
| 132|0x0000000088400000, 0x0000000088500000, 0x0000000088500000|100%| E|CS|TAMS 0x0000000088400000| PB 0x0000000088400000| Complete 
| 133|0x0000000088500000, 0x0000000088600000, 0x0000000088600000|100%| E|CS|TAMS 0x0000000088500000| PB 0x0000000088500000| Complete 
| 134|0x0000000088600000, 0x0000000088700000, 0x0000000088700000|100%| E|CS|TAMS 0x0000000088600000| PB 0x0000000088600000| Complete 
| 135|0x0000000088700000, 0x0000000088800000, 0x0000000088800000|100%| E|CS|TAMS 0x0000000088700000| PB 0x0000000088700000| Complete 
| 136|0x0000000088800000, 0x0000000088900000, 0x0000000088900000|100%| E|CS|TAMS 0x0000000088800000| PB 0x0000000088800000| Complete 
| 137|0x0000000088900000, 0x0000000088a00000, 0x0000000088a00000|100%| E|CS|TAMS 0x0000000088900000| PB 0x0000000088900000| Complete 
| 138|0x0000000088a00000, 0x0000000088b00000, 0x0000000088b00000|100%| E|CS|TAMS 0x0000000088a00000| PB 0x0000000088a00000| Complete 
| 139|0x0000000088b00000, 0x0000000088c00000, 0x0000000088c00000|100%| E|CS|TAMS 0x0000000088b00000| PB 0x0000000088b00000| Complete 
| 140|0x0000000088c00000, 0x0000000088d00000, 0x0000000088d00000|100%| E|CS|TAMS 0x0000000088c00000| PB 0x0000000088c00000| Complete 
| 141|0x0000000088d00000, 0x0000000088e00000, 0x0000000088e00000|100%| E|CS|TAMS 0x0000000088d00000| PB 0x0000000088d00000| Complete 
| 142|0x0000000088e00000, 0x0000000088f00000, 0x0000000088f00000|100%| E|CS|TAMS 0x0000000088e00000| PB 0x0000000088e00000| Complete 
| 143|0x0000000088f00000, 0x0000000089000000, 0x0000000089000000|100%| E|CS|TAMS 0x0000000088f00000| PB 0x0000000088f00000| Complete 
| 144|0x0000000089000000, 0x0000000089100000, 0x0000000089100000|100%| E|CS|TAMS 0x0000000089000000| PB 0x0000000089000000| Complete 
| 145|0x0000000089100000, 0x0000000089200000, 0x0000000089200000|100%| E|CS|TAMS 0x0000000089100000| PB 0x0000000089100000| Complete 
| 146|0x0000000089200000, 0x0000000089300000, 0x0000000089300000|100%| E|CS|TAMS 0x0000000089200000| PB 0x0000000089200000| Complete 
| 147|0x0000000089300000, 0x0000000089400000, 0x0000000089400000|100%| E|CS|TAMS 0x0000000089300000| PB 0x0000000089300000| Complete 
| 148|0x0000000089400000, 0x0000000089500000, 0x0000000089500000|100%| E|CS|TAMS 0x0000000089400000| PB 0x0000000089400000| Complete 
| 149|0x0000000089500000, 0x0000000089600000, 0x0000000089600000|100%| E|CS|TAMS 0x0000000089500000| PB 0x0000000089500000| Complete 
|2043|0x00000000ffb00000, 0x00000000ffc00000, 0x00000000ffc00000|100%| E|CS|TAMS 0x00000000ffb00000| PB 0x00000000ffb00000| Complete 
|2044|0x00000000ffc00000, 0x00000000ffd00000, 0x00000000ffd00000|100%| O|  |TAMS 0x00000000ffc00000| PB 0x00000000ffc00000| Untracked 
|2045|0x00000000ffd00000, 0x00000000ffe00000, 0x00000000ffe00000|100%| O|  |TAMS 0x00000000ffd00000| PB 0x00000000ffd00000| Untracked 
|2046|0x00000000ffe00000, 0x00000000fff00000, 0x00000000fff00000|100%| O|Cm|TAMS 0x00000000ffe00000| PB 0x00000000ffe00000| Complete 
|2047|0x00000000fff00000, 0x0000000100000000, 0x0000000100000000|100%| E|CS|TAMS 0x00000000fff00000| PB 0x00000000fff00000| Complete 

Card table byte_map: [0x00000245df6f0000,0x00000245dfaf0000] _byte_map_base: 0x00000245df2f0000

Marking Bits: (CMBitMap*) 0x00000245c7926bd0
 Bits: [0x00000245dfaf0000, 0x00000245e1af0000)

Polling page: 0x00000245c56b0000

Metaspace:

Usage:
  Non-class:     71.86 MB used.
      Class:     11.67 MB used.
       Both:     83.53 MB used.

Virtual space:
  Non-class space:      128.00 MB reserved,      72.88 MB ( 57%) committed,  2 nodes.
      Class space:        1.00 GB reserved,      12.75 MB (  1%) committed,  1 nodes.
             Both:        1.12 GB reserved,      85.62 MB (  7%) committed. 

Chunk freelists:
   Non-Class:  6.88 MB
       Class:  3.31 MB
        Both:  10.19 MB

MaxMetaspaceSize: unlimited
CompressedClassSpaceSize: 1.00 GB
Initial GC threshold: 21.00 MB
Current GC threshold: 132.31 MB
CDS: on
 - commit_granule_bytes: 65536.
 - commit_granule_words: 8192.
 - virtual_space_node_default_size: 8388608.
 - enlarge_chunks_in_place: 1.
 - use_allocation_guard: 0.


Internal statistics:

num_allocs_failed_limit: 6.
num_arena_births: 3794.
num_arena_deaths: 0.
num_vsnodes_births: 3.
num_vsnodes_deaths: 0.
num_space_committed: 1370.
num_space_uncommitted: 0.
num_chunks_returned_to_freelist: 6.
num_chunks_taken_from_freelist: 7656.
num_chunk_merges: 6.
num_chunk_splits: 5057.
num_chunks_enlarged: 3226.
num_inconsistent_stats: 0.

CodeHeap 'non-profiled nmethods': size=120000Kb used=5259Kb max_used=5259Kb free=114740Kb
 bounds [0x00000245d7a90000, 0x00000245d7fc0000, 0x00000245defc0000]
CodeHeap 'profiled nmethods': size=120000Kb used=16508Kb max_used=16508Kb free=103491Kb
 bounds [0x00000245cffc0000, 0x00000245d0fe0000, 0x00000245d74f0000]
CodeHeap 'non-nmethods': size=5760Kb used=2119Kb max_used=2153Kb free=3640Kb
 bounds [0x00000245d74f0000, 0x00000245d7760000, 0x00000245d7a90000]
 total_blobs=9966 nmethods=9120 adapters=750
 compilation: enabled
              stopped_count=0, restarted_count=0
 full_count=0

Compilation events (20 events):
Event: 35.396 Thread 0x00000245e454e190 nmethod 10695 0x00000245d0fbfc10 code [0x00000245d0fbfee0, 0x00000245d0fc1620]
Event: 35.420 Thread 0x00000245e454e190 10696       3       org.gradle.model.internal.asm.MethodVisitorScope::_ICONST_0 (6 bytes)
Event: 35.420 Thread 0x00000245e454e190 nmethod 10696 0x00000245d0fc1b10 code [0x00000245d0fc1cc0, 0x00000245d0fc1f30]
Event: 35.429 Thread 0x00000245e454e190 10697   !   3       org.gradle.api.internal.DefaultNamedDomainObjectCollection::applyRules (109 bytes)
Event: 35.430 Thread 0x00000245e454e190 nmethod 10697 0x00000245d0fc2010 code [0x00000245d0fc2280, 0x00000245d0fc2d60]
Event: 35.476 Thread 0x00000245e454e190 10698       3       org.objectweb.asm.ByteVector::putInt (74 bytes)
Event: 35.476 Thread 0x00000245e454e190 nmethod 10698 0x00000245d0fc3110 code [0x00000245d0fc32c0, 0x00000245d0fc3510]
Event: 35.486 Thread 0x00000245e454e190 10700       3       jdk.internal.misc.VM::initLevel (4 bytes)
Event: 35.486 Thread 0x00000245e454e190 nmethod 10700 0x00000245d0fc3690 code [0x00000245d0fc3820, 0x00000245d0fc3918]
Event: 35.491 Thread 0x00000245e454e190 10701       3       java.util.HashMap::values (25 bytes)
Event: 35.492 Thread 0x00000245e454e190 nmethod 10701 0x00000245d0fc3990 code [0x00000245d0fc3b60, 0x00000245d0fc3ed0]
Event: 35.492 Thread 0x00000245e454e190 10702       3       com.google.common.collect.SingletonImmutableBiMap::containsKey (9 bytes)
Event: 35.492 Thread 0x00000245e454e190 nmethod 10702 0x00000245d0fc4010 code [0x00000245d0fc41c0, 0x00000245d0fc4398]
Event: 35.541 Thread 0x00000245e454e190 10703       3       sun.management.MemoryPoolImpl::getObjectName (10 bytes)
Event: 35.543 Thread 0x00000245e454e190 nmethod 10703 0x00000245d0fc4490 code [0x00000245d0fc48a0, 0x00000245d0fc67d8]
Event: 35.543 Thread 0x00000245e454e190 10704       3       sun.management.spi.PlatformMBeanProvider$PlatformComponent$$Lambda/0x0000024581072bc0::test (9 bytes)
Event: 35.544 Thread 0x00000245e454e190 nmethod 10704 0x00000245d0fc7290 code [0x00000245d0fc7440, 0x00000245d0fc7588]
Event: 35.544 Thread 0x00000245e454e190 10705       3       sun.management.spi.PlatformMBeanProvider$PlatformComponent$$Lambda/0x0000024581072e08::apply (9 bytes)
Event: 35.544 Thread 0x00000245e454e190 nmethod 10705 0x00000245d0fc7610 code [0x00000245d0fc77e0, 0x00000245d0fc7ae8]
Event: 36.293 Thread 0x00000245e454e190 10706       1       java.net.InetAddress::holder (5 bytes)

GC Heap History (20 events):
Event: 24.197 GC heap before
{Heap before GC invocations=22 (full 0):
 garbage-first heap   total 103424K, used 100865K [0x0000000080000000, 0x0000000100000000)
  region size 1024K, 41 young (41984K), 5 survivors (5120K)
 Metaspace       used 57125K, committed 58944K, reserved 1114112K
  class space    used 8000K, committed 8896K, reserved 1048576K
}
Event: 24.207 GC heap after
{Heap after GC invocations=23 (full 0):
 garbage-first heap   total 114688K, used 71506K [0x0000000080000000, 0x0000000100000000)
  region size 1024K, 6 young (6144K), 6 survivors (6144K)
 Metaspace       used 57125K, committed 58944K, reserved 1114112K
  class space    used 8000K, committed 8896K, reserved 1048576K
}
Event: 25.120 GC heap before
{Heap before GC invocations=23 (full 0):
 garbage-first heap   total 114688K, used 100178K [0x0000000080000000, 0x0000000100000000)
  region size 1024K, 35 young (35840K), 6 survivors (6144K)
 Metaspace       used 60061K, committed 61824K, reserved 1114112K
  class space    used 8322K, committed 9216K, reserved 1048576K
}
Event: 25.127 GC heap after
{Heap after GC invocations=24 (full 0):
 garbage-first heap   total 114688K, used 71991K [0x0000000080000000, 0x0000000100000000)
  region size 1024K, 2 young (2048K), 2 survivors (2048K)
 Metaspace       used 60061K, committed 61824K, reserved 1114112K
  class space    used 8322K, committed 9216K, reserved 1048576K
}
Event: 25.931 GC heap before
{Heap before GC invocations=24 (full 0):
 garbage-first heap   total 114688K, used 100663K [0x0000000080000000, 0x0000000100000000)
  region size 1024K, 31 young (31744K), 2 survivors (2048K)
 Metaspace       used 63326K, committed 65280K, reserved 1114112K
  class space    used 8805K, committed 9792K, reserved 1048576K
}
Event: 25.940 GC heap after
{Heap after GC invocations=25 (full 0):
 garbage-first heap   total 114688K, used 74243K [0x0000000080000000, 0x0000000100000000)
  region size 1024K, 4 young (4096K), 4 survivors (4096K)
 Metaspace       used 63326K, committed 65280K, reserved 1114112K
  class space    used 8805K, committed 9792K, reserved 1048576K
}
Event: 26.633 GC heap before
{Heap before GC invocations=26 (full 0):
 garbage-first heap   total 126976K, used 105987K [0x0000000080000000, 0x0000000100000000)
  region size 1024K, 31 young (31744K), 4 survivors (4096K)
 Metaspace       used 64826K, committed 66752K, reserved 1114112K
  class space    used 9000K, committed 9920K, reserved 1048576K
}
Event: 26.640 GC heap after
{Heap after GC invocations=27 (full 0):
 garbage-first heap   total 126976K, used 78500K [0x0000000080000000, 0x0000000100000000)
  region size 1024K, 4 young (4096K), 4 survivors (4096K)
 Metaspace       used 64826K, committed 66752K, reserved 1114112K
  class space    used 9000K, committed 9920K, reserved 1048576K
}
Event: 27.323 GC heap before
{Heap before GC invocations=27 (full 0):
 garbage-first heap   total 126976K, used 111268K [0x0000000080000000, 0x0000000100000000)
  region size 1024K, 37 young (37888K), 4 survivors (4096K)
 Metaspace       used 67251K, committed 69184K, reserved 1114112K
  class space    used 9318K, committed 10304K, reserved 1048576K
}
Event: 27.330 GC heap after
{Heap after GC invocations=28 (full 0):
 garbage-first heap   total 126976K, used 80386K [0x0000000080000000, 0x0000000100000000)
  region size 1024K, 3 young (3072K), 3 survivors (3072K)
 Metaspace       used 67251K, committed 69184K, reserved 1114112K
  class space    used 9318K, committed 10304K, reserved 1048576K
}
Event: 28.334 GC heap before
{Heap before GC invocations=28 (full 0):
 garbage-first heap   total 126976K, used 114178K [0x0000000080000000, 0x0000000100000000)
  region size 1024K, 36 young (36864K), 3 survivors (3072K)
 Metaspace       used 71101K, committed 73024K, reserved 1114112K
  class space    used 9785K, committed 10752K, reserved 1048576K
}
Event: 28.342 GC heap after
{Heap after GC invocations=29 (full 0):
 garbage-first heap   total 152576K, used 81526K [0x0000000080000000, 0x0000000100000000)
  region size 1024K, 4 young (4096K), 4 survivors (4096K)
 Metaspace       used 71101K, committed 73024K, reserved 1114112K
  class space    used 9785K, committed 10752K, reserved 1048576K
}
Event: 29.796 GC heap before
{Heap before GC invocations=30 (full 0):
 garbage-first heap   total 152576K, used 134774K [0x0000000080000000, 0x0000000100000000)
  region size 1024K, 53 young (54272K), 4 survivors (4096K)
 Metaspace       used 74729K, committed 76736K, reserved 1179648K
  class space    used 10303K, committed 11328K, reserved 1048576K
}
Event: 29.804 GC heap after
{Heap after GC invocations=31 (full 0):
 garbage-first heap   total 152576K, used 86845K [0x0000000080000000, 0x0000000100000000)
  region size 1024K, 6 young (6144K), 6 survivors (6144K)
 Metaspace       used 74729K, committed 76736K, reserved 1179648K
  class space    used 10303K, committed 11328K, reserved 1048576K
}
Event: 30.779 GC heap before
{Heap before GC invocations=31 (full 0):
 garbage-first heap   total 152576K, used 134973K [0x0000000080000000, 0x0000000100000000)
  region size 1024K, 53 young (54272K), 6 survivors (6144K)
 Metaspace       used 75883K, committed 77888K, reserved 1179648K
  class space    used 10464K, committed 11456K, reserved 1048576K
}
Event: 30.790 GC heap after
{Heap after GC invocations=32 (full 0):
 garbage-first heap   total 152576K, used 90664K [0x0000000080000000, 0x0000000100000000)
  region size 1024K, 7 young (7168K), 7 survivors (7168K)
 Metaspace       used 75883K, committed 77888K, reserved 1179648K
  class space    used 10464K, committed 11456K, reserved 1048576K
}
Event: 32.269 GC heap before
{Heap before GC invocations=32 (full 0):
 garbage-first heap   total 152576K, used 130600K [0x0000000080000000, 0x0000000100000000)
  region size 1024K, 47 young (48128K), 7 survivors (7168K)
 Metaspace       used 78916K, committed 80960K, reserved 1179648K
  class space    used 10877K, committed 11904K, reserved 1048576K
}
Event: 32.278 GC heap after
{Heap after GC invocations=33 (full 0):
 garbage-first heap   total 152576K, used 92503K [0x0000000080000000, 0x0000000100000000)
  region size 1024K, 3 young (3072K), 3 survivors (3072K)
 Metaspace       used 78916K, committed 80960K, reserved 1179648K
  class space    used 10877K, committed 11904K, reserved 1048576K
}
Event: 33.837 GC heap before
{Heap before GC invocations=34 (full 0):
 garbage-first heap   total 158720K, used 138583K [0x0000000080000000, 0x0000000100000000)
  region size 1024K, 47 young (48128K), 3 survivors (3072K)
 Metaspace       used 82404K, committed 84480K, reserved 1179648K
  class space    used 11488K, committed 12544K, reserved 1048576K
}
Event: 33.843 GC heap after
{Heap after GC invocations=35 (full 0):
 garbage-first heap   total 158720K, used 93208K [0x0000000080000000, 0x0000000100000000)
  region size 1024K, 3 young (3072K), 3 survivors (3072K)
 Metaspace       used 82404K, committed 84480K, reserved 1179648K
  class space    used 11488K, committed 12544K, reserved 1048576K
}

Dll operation events (15 events):
Event: 0.052 Loaded shared library C:\Program Files\Eclipse Adoptium\jdk-21.0.7.6-hotspot\bin\java.dll
Event: 0.161 Loaded shared library C:\Program Files\Eclipse Adoptium\jdk-21.0.7.6-hotspot\bin\jsvml.dll
Event: 0.348 Loaded shared library C:\Program Files\Eclipse Adoptium\jdk-21.0.7.6-hotspot\bin\zip.dll
Event: 0.364 Loaded shared library C:\Program Files\Eclipse Adoptium\jdk-21.0.7.6-hotspot\bin\instrument.dll
Event: 0.376 Loaded shared library C:\Program Files\Eclipse Adoptium\jdk-21.0.7.6-hotspot\bin\net.dll
Event: 0.380 Loaded shared library C:\Program Files\Eclipse Adoptium\jdk-21.0.7.6-hotspot\bin\nio.dll
Event: 0.386 Loaded shared library C:\Program Files\Eclipse Adoptium\jdk-21.0.7.6-hotspot\bin\zip.dll
Event: 1.140 Loaded shared library C:\Program Files\Eclipse Adoptium\jdk-21.0.7.6-hotspot\bin\jimage.dll
Event: 1.586 Loaded shared library C:\Program Files\Eclipse Adoptium\jdk-21.0.7.6-hotspot\bin\verify.dll
Event: 1.850 Loaded shared library C:\Users\admin\.gradle\native\c067742578af261105cb4f569cf0c3c89f3d7b1fecec35dd04571415982c5e48\windows-amd64\native-platform.dll
Event: 1.878 Loaded shared library C:\Users\admin\.gradle\native\100fb08df4bc3b14c8652ba06237920a3bd2aa13389f12d3474272988ae205f9\windows-amd64\native-platform-file-events.dll
Event: 5.390 Loaded shared library C:\Program Files\Eclipse Adoptium\jdk-21.0.7.6-hotspot\bin\management.dll
Event: 5.398 Loaded shared library C:\Program Files\Eclipse Adoptium\jdk-21.0.7.6-hotspot\bin\management_ext.dll
Event: 6.067 Loaded shared library C:\Program Files\Eclipse Adoptium\jdk-21.0.7.6-hotspot\bin\extnet.dll
Event: 6.322 Loaded shared library C:\Program Files\Eclipse Adoptium\jdk-21.0.7.6-hotspot\bin\sunmscapi.dll

Deoptimization events (20 events):
Event: 34.070 Thread 0x00000245e9c6e810 DEOPT PACKING pc=0x00000245d7dba194 sp=0x000000e5a17f9100
Event: 34.070 Thread 0x00000245e9c6e810 DEOPT UNPACKING pc=0x00000245d75446a2 sp=0x000000e5a17f9090 mode 2
Event: 34.070 Thread 0x00000245e9c6e810 Uncommon trap: trap_request=0xffffffde fr.pc=0x00000245d7dba194 relative=0x0000000000000074
Event: 34.070 Thread 0x00000245e9c6e810 Uncommon trap: reason=class_check action=maybe_recompile pc=0x00000245d7dba194 method=java.lang.invoke.Invokers$Holder.linkToTargetMethod(Ljava/lang/Object;Ljava/lang/Object;Ljava/lang/Object;Ljava/lang/Object;)Ljava/lang/Object; @ 1 c2
Event: 34.070 Thread 0x00000245e9c6e810 DEOPT PACKING pc=0x00000245d7dba194 sp=0x000000e5a17f9100
Event: 34.070 Thread 0x00000245e9c6e810 DEOPT UNPACKING pc=0x00000245d75446a2 sp=0x000000e5a17f9090 mode 2
Event: 34.808 Thread 0x00000245e9c6e810 Uncommon trap: trap_request=0xffffff45 fr.pc=0x00000245d7badd64 relative=0x00000000000000c4
Event: 34.808 Thread 0x00000245e9c6e810 Uncommon trap: reason=unstable_if action=reinterpret pc=0x00000245d7badd64 method=java.lang.invoke.LambdaForm$BasicType.basicType(C)Ljava/lang/invoke/LambdaForm$BasicType; @ 1 c2
Event: 34.808 Thread 0x00000245e9c6e810 DEOPT PACKING pc=0x00000245d7badd64 sp=0x000000e5a17f7ef0
Event: 34.808 Thread 0x00000245e9c6e810 DEOPT UNPACKING pc=0x00000245d75446a2 sp=0x000000e5a17f7e88 mode 2
Event: 34.874 Thread 0x00000245e9c6e810 Uncommon trap: trap_request=0xffffff45 fr.pc=0x00000245d7dc45d4 relative=0x0000000000000134
Event: 34.874 Thread 0x00000245e9c6e810 Uncommon trap: reason=unstable_if action=reinterpret pc=0x00000245d7dc45d4 method=org.objectweb.asm.ByteVector.putInt(I)Lorg/objectweb/asm/ByteVector; @ 13 c2
Event: 34.874 Thread 0x00000245e9c6e810 DEOPT PACKING pc=0x00000245d7dc45d4 sp=0x000000e5a17f87b0
Event: 34.874 Thread 0x00000245e9c6e810 DEOPT UNPACKING pc=0x00000245d75446a2 sp=0x000000e5a17f8738 mode 2
Event: 34.882 Thread 0x00000245e9c6e810 DEOPT PACKING pc=0x00000245d09f8a5d sp=0x000000e5a17f8890
Event: 34.882 Thread 0x00000245e9c6e810 DEOPT UNPACKING pc=0x00000245d7544e42 sp=0x000000e5a17f7e40 mode 0
Event: 35.162 Thread 0x00000245e9c6e810 Uncommon trap: trap_request=0xffffff45 fr.pc=0x00000245d7d21f34 relative=0x0000000000000674
Event: 35.162 Thread 0x00000245e9c6e810 Uncommon trap: reason=unstable_if action=reinterpret pc=0x00000245d7d21f34 method=java.util.Hashtable.put(Ljava/lang/Object;Ljava/lang/Object;)Ljava/lang/Object; @ 51 c2
Event: 35.162 Thread 0x00000245e9c6e810 DEOPT PACKING pc=0x00000245d7d21f34 sp=0x000000e5a17f84e0
Event: 35.162 Thread 0x00000245e9c6e810 DEOPT UNPACKING pc=0x00000245d75446a2 sp=0x000000e5a17f8490 mode 2

Classes loaded (20 events):
Event: 29.810 Loading class com/sun/beans/finder/MethodFinder
Event: 29.811 Loading class com/sun/beans/finder/AbstractFinder
Event: 29.811 Loading class com/sun/beans/finder/AbstractFinder done
Event: 29.811 Loading class com/sun/beans/finder/MethodFinder done
Event: 29.811 Loading class com/sun/beans/finder/MethodFinder$1
Event: 29.811 Loading class com/sun/beans/finder/MethodFinder$1 done
Event: 29.811 Loading class com/sun/beans/finder/FinderUtils
Event: 29.811 Loading class com/sun/beans/finder/FinderUtils done
Event: 32.193 Loading class java/util/concurrent/atomic/AtomicIntegerArray
Event: 32.194 Loading class java/util/concurrent/atomic/AtomicIntegerArray done
Event: 32.202 Loading class java/util/Currency
Event: 32.204 Loading class java/util/Currency done
Event: 32.225 Loading class java/util/concurrent/atomic/AtomicLongArray
Event: 32.226 Loading class java/util/concurrent/atomic/AtomicLongArray done
Event: 32.298 Loading class sun/reflect/generics/repository/FieldRepository
Event: 32.298 Loading class sun/reflect/generics/repository/FieldRepository done
Event: 32.321 Loading class jdk/internal/vm/annotation/ForceInline
Event: 32.321 Loading class jdk/internal/vm/annotation/ForceInline done
Event: 32.453 Loading class java/util/regex/Pattern$Caret
Event: 32.453 Loading class java/util/regex/Pattern$Caret done

Classes unloaded (0 events):
No events

Classes redefined (0 events):
No events

Internal exceptions (20 events):
Event: 29.844 Thread 0x00000245e9c6e810 Exception <a 'java/lang/ClassNotFoundException'{0x0000000088ffa730}: org/jetbrains/kotlin/gradle/targets/js/npm/DefaultDevNpmDependencyExtensionBeanInfo> (0x0000000088ffa730) 
thrown [s\src\hotspot\share\classfile\systemDictionary.cpp, line 312]
Event: 29.845 Thread 0x00000245e9c6e810 Exception <a 'java/lang/ClassNotFoundException'{0x0000000088e098c8}: org/jetbrains/kotlin/gradle/targets/js/npm/DefaultDevNpmDependencyExtensionCustomizer> (0x0000000088e098c8) 
thrown [s\src\hotspot\share\classfile\systemDictionary.cpp, line 312]
Event: 29.853 Thread 0x00000245e9c6e810 Exception <a 'java/lang/ClassNotFoundException'{0x0000000088e593f8}: org/jetbrains/kotlin/gradle/targets/js/npm/DefaultPeerNpmDependencyExtensionBeanInfo> (0x0000000088e593f8) 
thrown [s\src\hotspot\share\classfile\systemDictionary.cpp, line 312]
Event: 29.854 Thread 0x00000245e9c6e810 Exception <a 'java/lang/ClassNotFoundException'{0x0000000088e683a8}: org/jetbrains/kotlin/gradle/targets/js/npm/DefaultPeerNpmDependencyExtensionCustomizer> (0x0000000088e683a8) 
thrown [s\src\hotspot\share\classfile\systemDictionary.cpp, line 312]
Event: 29.860 Thread 0x00000245e9c6e810 Exception <a 'java/lang/ClassNotFoundException'{0x0000000088ec6cf8}: org/jetbrains/kotlin/gradle/targets/js/npm/DefaultPeerNpmDependencyExtension$delegate$1BeanInfo> (0x0000000088ec6cf8) 
thrown [s\src\hotspot\share\classfile\systemDictionary.cpp, line 312]
Event: 29.861 Thread 0x00000245e9c6e810 Exception <a 'java/lang/ClassNotFoundException'{0x0000000088ed6698}: org/jetbrains/kotlin/gradle/targets/js/npm/DefaultPeerNpmDependencyExtension$delegate$1Customizer> (0x0000000088ed6698) 
thrown [s\src\hotspot\share\classfile\systemDictionary.cpp, line 312]
Event: 29.878 Thread 0x00000245e9c6e810 Exception <a 'java/lang/NoSuchMethodError'{0x0000000088d85408}: static Lorg/jetbrains/kotlin/gradle/plugin/internal/DefaultIdeaSyncDetector$createIdeaPropertiesEvaluator$1;.<clinit>()V> (0x0000000088d85408) 
thrown [s\src\hotspot\share\prims\jni.cpp, line 1111]
Event: 31.490 Thread 0x00000245e9c6e810 Exception <a 'java/lang/NoSuchMethodError'{0x0000000087d65ea0}: 'java.lang.Object java.lang.invoke.DirectMethodHandle$Holder.newInvokeSpecial(java.lang.Object, java.lang.Object, java.lang.Object, java.lang.Object, java.lang.Object, java.lang.Object, java.lang.Object, java.lang.Object, java.lang.Object, java.lang.Object, java.lang.Object, java.lang.Object, java.lang.Object, java.lang.Object)'> (0x0000000087d65ea0) 
thrown [s\src\hotspot\share\interpreter\linkResolver.cpp, line 773]
Event: 32.323 Thread 0x00000245e9c6e810 Exception <a 'java/lang/NoSuchMethodError'{0x0000000088f3ddf8}: 'void java.lang.invoke.Invokers$Holder.invokeExact_MT(java.lang.Object, java.lang.Object, java.lang.Object, java.lang.Object)'> (0x0000000088f3ddf8) 
thrown [s\src\hotspot\share\interpreter\linkResolver.cpp, line 773]
Event: 34.385 Thread 0x00000245e9c6e810 Exception <a 'java/lang/NoSuchMethodError'{0x0000000088b17b88}: 'java.lang.Object java.lang.invoke.Invokers$Holder.invokeExact_MT(java.lang.Object, java.lang.Object, java.lang.Object, int, java.lang.Object, java.lang.Object)'> (0x0000000088b17b88) 
thrown [s\src\hotspot\share\interpreter\linkResolver.cpp, line 773]
Event: 35.153 Thread 0x00000245e9c6e810 Exception <a 'java/lang/ClassNotFoundException'{0x0000000087ab4b58}: com/android/build/gradle/internal/api/ApkVariantOutputImpl_DecoratedBeanInfo> (0x0000000087ab4b58) 
thrown [s\src\hotspot\share\classfile\systemDictionary.cpp, line 312]
Event: 35.154 Thread 0x00000245e9c6e810 Exception <a 'java/lang/ClassNotFoundException'{0x0000000087ac1628}: com/android/build/gradle/internal/api/ApkVariantOutputImplBeanInfo> (0x0000000087ac1628) 
thrown [s\src\hotspot\share\classfile\systemDictionary.cpp, line 312]
Event: 35.156 Thread 0x00000245e9c6e810 Exception <a 'java/lang/ClassNotFoundException'{0x0000000087acf3e8}: com/android/build/gradle/internal/api/BaseVariantOutputImplBeanInfo> (0x0000000087acf3e8) 
thrown [s\src\hotspot\share\classfile\systemDictionary.cpp, line 312]
Event: 35.157 Thread 0x00000245e9c6e810 Exception <a 'java/lang/ClassNotFoundException'{0x0000000087adc418}: com/android/build/gradle/internal/api/BaseVariantOutputImplCustomizer> (0x0000000087adc418) 
thrown [s\src\hotspot\share\classfile\systemDictionary.cpp, line 312]
Event: 35.160 Thread 0x00000245e9c6e810 Exception <a 'java/lang/ClassNotFoundException'{0x0000000087afbef0}: com/android/build/gradle/internal/api/ApkVariantOutputImplCustomizer> (0x0000000087afbef0) 
thrown [s\src\hotspot\share\classfile\systemDictionary.cpp, line 312]
Event: 35.163 Thread 0x00000245e9c6e810 Exception <a 'java/lang/ClassNotFoundException'{0x0000000087917048}: com/android/build/gradle/internal/api/ApkVariantOutputImpl_DecoratedCustomizer> (0x0000000087917048) 
thrown [s\src\hotspot\share\classfile\systemDictionary.cpp, line 312]
Event: 35.388 Thread 0x00000245e9c6e810 Exception <a 'java/lang/ClassNotFoundException'{0x00000000872f6ce0}: com/android/build/gradle/internal/api/ReadOnlyBuildTypeBeanInfo> (0x00000000872f6ce0) 
thrown [s\src\hotspot\share\classfile\systemDictionary.cpp, line 312]
Event: 35.388 Thread 0x00000245e9c6e810 Exception <a 'java/lang/ClassNotFoundException'{0x0000000087104f88}: com/android/build/gradle/internal/api/ReadOnlyBaseConfigBeanInfo> (0x0000000087104f88) 
thrown [s\src\hotspot\share\classfile\systemDictionary.cpp, line 312]
Event: 35.389 Thread 0x00000245e9c6e810 Exception <a 'java/lang/ClassNotFoundException'{0x0000000087112f98}: com/android/build/gradle/internal/api/ReadOnlyBaseConfigCustomizer> (0x0000000087112f98) 
thrown [s\src\hotspot\share\classfile\systemDictionary.cpp, line 312]
Event: 35.392 Thread 0x00000245e9c6e810 Exception <a 'java/lang/ClassNotFoundException'{0x0000000087131ee8}: com/android/build/gradle/internal/api/ReadOnlyBuildTypeCustomizer> (0x0000000087131ee8) 
thrown [s\src\hotspot\share\classfile\systemDictionary.cpp, line 312]

ZGC Phase Switch (0 events):
No events

VM Operations (20 events):
Event: 30.726 Executing VM operation: ICBufferFull done
Event: 30.779 Executing VM operation: G1CollectForAllocation (G1 Evacuation Pause)
Event: 30.790 Executing VM operation: G1CollectForAllocation (G1 Evacuation Pause) done
Event: 31.234 Executing VM operation: HandshakeAllThreads (Deoptimize)
Event: 31.234 Executing VM operation: HandshakeAllThreads (Deoptimize) done
Event: 32.238 Executing VM operation: Cleanup
Event: 32.238 Executing VM operation: Cleanup done
Event: 32.269 Executing VM operation: G1TryInitiateConcMark (G1 Humongous Allocation)
Event: 32.278 Executing VM operation: G1TryInitiateConcMark (G1 Humongous Allocation) done
Event: 32.373 Executing VM operation: G1PauseRemark
Event: 32.381 Executing VM operation: G1PauseRemark done
Event: 32.436 Executing VM operation: G1PauseCleanup
Event: 32.436 Executing VM operation: G1PauseCleanup done
Event: 33.837 Executing VM operation: G1CollectForAllocation (G1 Evacuation Pause)
Event: 33.843 Executing VM operation: G1CollectForAllocation (G1 Evacuation Pause) done
Event: 34.849 Executing VM operation: Cleanup
Event: 34.849 Executing VM operation: Cleanup done
Event: 35.860 Executing VM operation: Cleanup
Event: 35.860 Executing VM operation: Cleanup done
Event: 36.876 Executing VM operation: Cleanup

Memory protections (0 events):
No events

Nmethod flushes (20 events):
Event: 32.379 Thread 0x00000245e45142f0 flushing  nmethod 0x00000245d040cd10
Event: 32.379 Thread 0x00000245e45142f0 flushing  nmethod 0x00000245d0511b10
Event: 32.379 Thread 0x00000245e45142f0 flushing  nmethod 0x00000245d06e8510
Event: 32.379 Thread 0x00000245e45142f0 flushing  nmethod 0x00000245d07a7090
Event: 32.379 Thread 0x00000245e45142f0 flushing  nmethod 0x00000245d0891610
Event: 32.379 Thread 0x00000245e45142f0 flushing  nmethod 0x00000245d08d1f10
Event: 32.379 Thread 0x00000245e45142f0 flushing  nmethod 0x00000245d093fa10
Event: 32.379 Thread 0x00000245e45142f0 flushing  nmethod 0x00000245d094d690
Event: 32.379 Thread 0x00000245e45142f0 flushing  nmethod 0x00000245d0b6a590
Event: 32.379 Thread 0x00000245e45142f0 flushing  nmethod 0x00000245d0def690
Event: 32.379 Thread 0x00000245e45142f0 flushing  nmethod 0x00000245d0df3d10
Event: 32.379 Thread 0x00000245e45142f0 flushing  nmethod 0x00000245d7dcb190
Event: 32.379 Thread 0x00000245e45142f0 flushing  nmethod 0x00000245d02b1990
Event: 32.379 Thread 0x00000245e45142f0 flushing  nmethod 0x00000245d02d5310
Event: 32.379 Thread 0x00000245e45142f0 flushing  nmethod 0x00000245d02da410
Event: 32.379 Thread 0x00000245e45142f0 flushing  nmethod 0x00000245d0399190
Event: 32.379 Thread 0x00000245e45142f0 flushing  nmethod 0x00000245d056fd10
Event: 32.379 Thread 0x00000245e45142f0 flushing  nmethod 0x00000245d076b190
Event: 32.379 Thread 0x00000245e45142f0 flushing  nmethod 0x00000245d0e00790
Event: 32.379 Thread 0x00000245e45142f0 flushing  nmethod 0x00000245d0e01190

Events (20 events):
Event: 20.500 Thread 0x00000245e9c6e810 Thread added: 0x00000245ecf07960
Event: 20.501 Thread 0x00000245e9c6e810 Thread added: 0x00000245ecf08d10
Event: 20.502 Thread 0x00000245e9c6e810 Thread added: 0x00000245ecf05f20
Event: 20.678 Thread 0x00000245e454e190 Thread added: 0x00000245ef5f5540
Event: 23.887 Thread 0x00000245ef5f5540 Thread exited: 0x00000245ef5f5540
Event: 25.609 Thread 0x00000245e9c6e810 Thread added: 0x00000245ecf0a750
Event: 25.838 Thread 0x00000245e454e190 Thread added: 0x00000245ee1f4d20
Event: 26.064 Thread 0x00000245e454e190 Thread added: 0x00000245ea6a40d0
Event: 27.580 Thread 0x00000245ea6a40d0 Thread exited: 0x00000245ea6a40d0
Event: 27.791 Thread 0x00000245ee1f4d20 Thread exited: 0x00000245ee1f4d20
Event: 28.050 Thread 0x00000245e454e190 Thread added: 0x00000245ee1f4d20
Event: 28.397 Thread 0x00000245e9c6e810 Thread added: 0x00000245ecf0ade0
Event: 28.607 Thread 0x00000245ee1f4d20 Thread exited: 0x00000245ee1f4d20
Event: 28.717 Thread 0x00000245e454e190 Thread added: 0x00000245ee1f4d20
Event: 30.687 Thread 0x00000245e45421f0 Thread added: 0x00000245efc686e0
Event: 31.679 Thread 0x00000245efc686e0 Thread exited: 0x00000245efc686e0
Event: 31.680 Thread 0x00000245ee1f4d20 Thread exited: 0x00000245ee1f4d20
Event: 32.327 Thread 0x00000245e454e190 Thread added: 0x00000245ee1f4d20
Event: 32.643 Thread 0x00000245ee1f4d20 Thread exited: 0x00000245ee1f4d20
Event: 35.280 Thread 0x00000245e454e190 Thread added: 0x00000245ef430040


Dynamic libraries:
0x00007ff708be0000 - 0x00007ff708bee000 	C:\Program Files\Eclipse Adoptium\jdk-21.0.7.6-hotspot\bin\java.exe
0x00007ffdad100000 - 0x00007ffdad367000 	C:\WINDOWS\SYSTEM32\ntdll.dll
0x00007ffdabe50000 - 0x00007ffdabf19000 	C:\WINDOWS\System32\KERNEL32.DLL
0x00007ffdaa2c0000 - 0x00007ffdaa6b0000 	C:\WINDOWS\System32\KERNELBASE.dll
0x00007ffdaa7a0000 - 0x00007ffdaa8eb000 	C:\WINDOWS\System32\ucrtbase.dll
0x00007ffd63dc0000 - 0x00007ffd63dde000 	C:\Program Files\Eclipse Adoptium\jdk-21.0.7.6-hotspot\bin\VCRUNTIME140.dll
0x00007ffd67d70000 - 0x00007ffd67d88000 	C:\Program Files\Eclipse Adoptium\jdk-21.0.7.6-hotspot\bin\jli.dll
0x00007ffdabbc0000 - 0x00007ffdabd85000 	C:\WINDOWS\System32\USER32.dll
0x00007ffdaa6c0000 - 0x00007ffdaa6e7000 	C:\WINDOWS\System32\win32u.dll
0x00007ffd8df20000 - 0x00007ffd8e1ba000 	C:\WINDOWS\WinSxS\amd64_microsoft.windows.common-controls_6595b64144ccf1df_6.0.26100.4768_none_3e0c112ce331287c\COMCTL32.dll
0x00007ffdaae90000 - 0x00007ffdaaebb000 	C:\WINDOWS\System32\GDI32.dll
0x00007ffdabda0000 - 0x00007ffdabe49000 	C:\WINDOWS\System32\msvcrt.dll
0x00007ffdaa8f0000 - 0x00007ffdaaa28000 	C:\WINDOWS\System32\gdi32full.dll
0x00007ffdaa6f0000 - 0x00007ffdaa793000 	C:\WINDOWS\System32\msvcp_win.dll
0x00007ffdac6e0000 - 0x00007ffdac70f000 	C:\WINDOWS\System32\IMM32.DLL
0x00007ffd85670000 - 0x00007ffd8567c000 	C:\Program Files\Eclipse Adoptium\jdk-21.0.7.6-hotspot\bin\vcruntime140_1.dll
0x00007ffd56d10000 - 0x00007ffd56d9d000 	C:\Program Files\Eclipse Adoptium\jdk-21.0.7.6-hotspot\bin\msvcp140.dll
0x00007ffcd9570000 - 0x00007ffcda300000 	C:\Program Files\Eclipse Adoptium\jdk-21.0.7.6-hotspot\bin\server\jvm.dll
0x00007ffdaafc0000 - 0x00007ffdab074000 	C:\WINDOWS\System32\ADVAPI32.dll
0x00007ffdab220000 - 0x00007ffdab2c6000 	C:\WINDOWS\System32\sechost.dll
0x00007ffdab660000 - 0x00007ffdab778000 	C:\WINDOWS\System32\RPCRT4.dll
0x00007ffdab090000 - 0x00007ffdab104000 	C:\WINDOWS\System32\WS2_32.dll
0x00007ffdaa0b0000 - 0x00007ffdaa10e000 	C:\WINDOWS\SYSTEM32\POWRPROF.dll
0x00007ffd9bc00000 - 0x00007ffd9bc0b000 	C:\WINDOWS\SYSTEM32\VERSION.dll
0x00007ffd90400000 - 0x00007ffd90435000 	C:\WINDOWS\SYSTEM32\WINMM.dll
0x00007ffdaa090000 - 0x00007ffdaa0a4000 	C:\WINDOWS\SYSTEM32\UMPDC.dll
0x00007ffda8f70000 - 0x00007ffda8f8b000 	C:\WINDOWS\SYSTEM32\kernel.appcore.dll
0x00007ffd6fe70000 - 0x00007ffd6fe7a000 	C:\Program Files\Eclipse Adoptium\jdk-21.0.7.6-hotspot\bin\jimage.dll
0x00007ffd97aa0000 - 0x00007ffd97ce1000 	C:\WINDOWS\SYSTEM32\DBGHELP.DLL
0x00007ffdac720000 - 0x00007ffdacaa5000 	C:\WINDOWS\System32\combase.dll
0x00007ffdacab0000 - 0x00007ffdacb90000 	C:\WINDOWS\System32\OLEAUT32.dll
0x00007ffd93c90000 - 0x00007ffd93cd3000 	C:\WINDOWS\SYSTEM32\dbgcore.DLL
0x00007ffdaaa30000 - 0x00007ffdaaac9000 	C:\WINDOWS\System32\bcryptPrimitives.dll
0x00007ffd68470000 - 0x00007ffd6847f000 	C:\Program Files\Eclipse Adoptium\jdk-21.0.7.6-hotspot\bin\instrument.dll
0x00007ffd63da0000 - 0x00007ffd63dbf000 	C:\Program Files\Eclipse Adoptium\jdk-21.0.7.6-hotspot\bin\java.dll
0x00007ffdabf20000 - 0x00007ffdac66d000 	C:\WINDOWS\System32\SHELL32.dll
0x00007ffdaad10000 - 0x00007ffdaae83000 	C:\WINDOWS\System32\wintypes.dll
0x00007ffda7df0000 - 0x00007ffda864f000 	C:\WINDOWS\SYSTEM32\windows.storage.dll
0x00007ffdab110000 - 0x00007ffdab205000 	C:\WINDOWS\System32\SHCORE.dll
0x00007ffdac670000 - 0x00007ffdac6da000 	C:\WINDOWS\System32\shlwapi.dll
0x00007ffdaa150000 - 0x00007ffdaa179000 	C:\WINDOWS\SYSTEM32\profapi.dll
0x00007ffd453e0000 - 0x00007ffd454b7000 	C:\Program Files\Eclipse Adoptium\jdk-21.0.7.6-hotspot\bin\jsvml.dll
0x00007ffd6bf70000 - 0x00007ffd6bf88000 	C:\Program Files\Eclipse Adoptium\jdk-21.0.7.6-hotspot\bin\zip.dll
0x00007ffd6fb50000 - 0x00007ffd6fb60000 	C:\Program Files\Eclipse Adoptium\jdk-21.0.7.6-hotspot\bin\net.dll
0x00007ffd9dbe0000 - 0x00007ffd9dcfe000 	C:\WINDOWS\SYSTEM32\WINHTTP.dll
0x00007ffda94e0000 - 0x00007ffda954b000 	C:\WINDOWS\system32\mswsock.dll
0x00007ffd854e0000 - 0x00007ffd854f6000 	C:\Program Files\Eclipse Adoptium\jdk-21.0.7.6-hotspot\bin\nio.dll
0x00007ffda2c30000 - 0x00007ffda2c40000 	C:\Program Files\Eclipse Adoptium\jdk-21.0.7.6-hotspot\bin\verify.dll
0x00007ffd435c0000 - 0x00007ffd435e7000 	C:\Users\admin\.gradle\native\c067742578af261105cb4f569cf0c3c89f3d7b1fecec35dd04571415982c5e48\windows-amd64\native-platform.dll
0x00007ffd2d600000 - 0x00007ffd2d744000 	C:\Users\admin\.gradle\native\100fb08df4bc3b14c8652ba06237920a3bd2aa13389f12d3474272988ae205f9\windows-amd64\native-platform-file-events.dll
0x00007ffd6d440000 - 0x00007ffd6d44a000 	C:\Program Files\Eclipse Adoptium\jdk-21.0.7.6-hotspot\bin\management.dll
0x00007ffd6bb40000 - 0x00007ffd6bb4b000 	C:\Program Files\Eclipse Adoptium\jdk-21.0.7.6-hotspot\bin\management_ext.dll
0x00007ffdabd90000 - 0x00007ffdabd98000 	C:\WINDOWS\System32\PSAPI.DLL
0x00007ffda98c0000 - 0x00007ffda98db000 	C:\WINDOWS\SYSTEM32\CRYPTSP.dll
0x00007ffda8ed0000 - 0x00007ffda8f0b000 	C:\WINDOWS\system32\rsaenh.dll
0x00007ffda9580000 - 0x00007ffda95ab000 	C:\WINDOWS\SYSTEM32\USERENV.dll
0x00007ffdaa120000 - 0x00007ffdaa146000 	C:\WINDOWS\SYSTEM32\bcrypt.dll
0x00007ffda9720000 - 0x00007ffda972c000 	C:\WINDOWS\SYSTEM32\CRYPTBASE.dll
0x00007ffda8960000 - 0x00007ffda8993000 	C:\WINDOWS\SYSTEM32\IPHLPAPI.DLL
0x00007ffdab210000 - 0x00007ffdab21a000 	C:\WINDOWS\System32\NSI.dll
0x00007ffd694e0000 - 0x00007ffd694e9000 	C:\Program Files\Eclipse Adoptium\jdk-21.0.7.6-hotspot\bin\extnet.dll
0x00007ffd67d60000 - 0x00007ffd67d6e000 	C:\Program Files\Eclipse Adoptium\jdk-21.0.7.6-hotspot\bin\sunmscapi.dll
0x00007ffdaaad0000 - 0x00007ffdaac47000 	C:\WINDOWS\System32\CRYPT32.dll
0x00007ffda9a20000 - 0x00007ffda9a50000 	C:\WINDOWS\SYSTEM32\ncrypt.dll
0x00007ffda99d0000 - 0x00007ffda9a0f000 	C:\WINDOWS\SYSTEM32\NTASN1.dll
0x00007ffd863e0000 - 0x00007ffd863e8000 	C:\WINDOWS\system32\wshunix.dll

dbghelp: loaded successfully - version: 4.0.5 - missing functions: none
symbol engine: initialized successfully - sym options: 0x614 - pdb path: .;C:\Program Files\Eclipse Adoptium\jdk-21.0.7.6-hotspot\bin;C:\WINDOWS\SYSTEM32;C:\WINDOWS\WinSxS\amd64_microsoft.windows.common-controls_6595b64144ccf1df_6.0.26100.4768_none_3e0c112ce331287c;C:\Program Files\Eclipse Adoptium\jdk-21.0.7.6-hotspot\bin\server;C:\Users\admin\.gradle\native\c067742578af261105cb4f569cf0c3c89f3d7b1fecec35dd04571415982c5e48\windows-amd64;C:\Users\admin\.gradle\native\100fb08df4bc3b14c8652ba06237920a3bd2aa13389f12d3474272988ae205f9\windows-amd64

VM Arguments:
jvm_args: --add-opens=java.base/java.lang=ALL-UNNAMED --add-opens=java.base/java.lang.invoke=ALL-UNNAMED --add-opens=java.base/java.util=ALL-UNNAMED --add-opens=java.prefs/java.util.prefs=ALL-UNNAMED --add-exports=jdk.compiler/com.sun.tools.javac.api=ALL-UNNAMED --add-exports=jdk.compiler/com.sun.tools.javac.util=ALL-UNNAMED --add-opens=java.base/java.util=ALL-UNNAMED --add-opens=java.prefs/java.util.prefs=ALL-UNNAMED --add-opens=java.base/java.nio.charset=ALL-UNNAMED --add-opens=java.base/java.net=ALL-UNNAMED --add-opens=java.base/java.util.concurrent.atomic=ALL-UNNAMED --add-opens=java.xml/javax.xml.namespace=ALL-UNNAMED -Xmx2048m -Dfile.encoding=UTF-8 -Duser.country=US -Duser.language=en -Duser.variant -javaagent:C:\Users\admin\.gradle\wrapper\dists\gradle-8.11.1-bin\bpt9gzteqjrbo1mjrsomdt32c\gradle-8.11.1\lib\agents\gradle-instrumentation-agent-8.11.1.jar 
java_command: org.gradle.launcher.daemon.bootstrap.GradleDaemon 8.11.1
java_class_path (initial): C:\Users\admin\.gradle\wrapper\dists\gradle-8.11.1-bin\bpt9gzteqjrbo1mjrsomdt32c\gradle-8.11.1\lib\gradle-daemon-main-8.11.1.jar
Launcher Type: SUN_STANDARD

[Global flags]
     intx CICompilerCount                          = 4                                         {product} {ergonomic}
     uint ConcGCThreads                            = 2                                         {product} {ergonomic}
     uint G1ConcRefinementThreads                  = 8                                         {product} {ergonomic}
   size_t G1HeapRegionSize                         = 1048576                                   {product} {ergonomic}
    uintx GCDrainStackTargetSize                   = 64                                        {product} {ergonomic}
   size_t InitialHeapSize                          = 125829120                                 {product} {ergonomic}
   size_t MarkStackSize                            = 4194304                                   {product} {ergonomic}
   size_t MaxHeapSize                              = 2147483648                                {product} {command line}
   size_t MaxNewSize                               = 1287651328                                {product} {ergonomic}
   size_t MinHeapDeltaBytes                        = 1048576                                   {product} {ergonomic}
   size_t MinHeapSize                              = 8388608                                   {product} {ergonomic}
    uintx NonNMethodCodeHeapSize                   = 5839372                                {pd product} {ergonomic}
    uintx NonProfiledCodeHeapSize                  = 122909434                              {pd product} {ergonomic}
    uintx ProfiledCodeHeapSize                     = 122909434                              {pd product} {ergonomic}
    uintx ReservedCodeCacheSize                    = 251658240                              {pd product} {ergonomic}
     bool SegmentedCodeCache                       = true                                      {product} {ergonomic}
   size_t SoftMaxHeapSize                          = 2147483648                             {manageable} {ergonomic}
     bool UseCompressedOops                        = true                           {product lp64_product} {ergonomic}
     bool UseG1GC                                  = true                                      {product} {ergonomic}
     bool UseLargePagesIndividualAllocation        = false                                  {pd product} {ergonomic}

Logging:
Log output configuration:
 #0: stdout all=warning uptime,level,tags foldmultilines=false
 #1: stderr all=off uptime,level,tags foldmultilines=false

Environment Variables:
JAVA_HOME=C:\Program Files\Eclipse Adoptium\jdk-21.0.7.6-hotspot
CLASSPATH=C:\Users\admin\Desktop\Web_development\RaceFeeds\\gradle\wrapper\gradle-wrapper.jar
PATH=C:\Program Files\Eclipse Adoptium\jdk-21.0.7.6-hotspot\bin;C:\WINDOWS\system32;C:\WINDOWS;C:\WINDOWS\System32\Wbem;C:\WINDOWS\System32\WindowsPowerShell\v1.0\;C:\WINDOWS\System32\OpenSSH\;C:\Program Files\Git\cmd;C:\Program Files\nodejs\;C:\Program Files\Eclipse Adoptium\jdk-21.0.7.6-hotspot\bin;C:\Program Files\Android\Android Studio\bin;C:\Users\admin\Gradle\gradle-8.14.3-all\gradle-8.14.3\bin;C:\Users\admin\AppData\Local\Programs\Python\Python313\Scripts\;C:\Users\admin\AppData\Local\Programs\Python\Python313\;C:\Users\admin\AppData\Local\Programs\Python\Launcher\;C:\Users\admin\AppData\Local\Microsoft\WindowsApps;C:\Users\admin\AppData\Local\JetBrains\Toolbox\scripts;C:\Users\admin\AppData\Local\Microsoft\WindowsApps;C:\Users\admin\AppData\Roaming\npm;C:\Users\admin\AppData\Local\Programs\Microsoft VS Code Insiders\bin;C:\Users\admin\AppData\Local\Programs\Microsoft VS Code\bin
USERNAME=admin
OS=Windows_NT
PROCESSOR_IDENTIFIER=Intel64 Family 6 Model 142 Stepping 12, GenuineIntel
TMP=C:\Users\admin\AppData\Local\Temp
TEMP=C:\Users\admin\AppData\Local\Temp




Periodic native trim disabled

---------------  S Y S T E M  ---------------

OS:
 Windows 11 , 64 bit Build 26100 (10.0.26100.4768)
OS uptime: 3 days 2:24 hours
Hyper-V role detected

CPU: total 8 (initial active 8) (4 cores per cpu, 2 threads per core) family 6 model 142 stepping 12 microcode 0xec, cx8, cmov, fxsr, ht, mmx, 3dnowpref, sse, sse2, sse3, ssse3, sse4.1, sse4.2, popcnt, lzcnt, tsc, tscinvbit, avx, avx2, aes, erms, clmul, bmi1, bmi2, adx, fma, vzeroupper, clflush, clflushopt, hv, rdtscp, f16c
Processor Information for processor 0
  Max Mhz: 1800, Current Mhz: 1600, Mhz Limit: 1584
Processor Information for processor 1
  Max Mhz: 1800, Current Mhz: 1600, Mhz Limit: 1584
Processor Information for processor 2
  Max Mhz: 1800, Current Mhz: 1600, Mhz Limit: 1584
Processor Information for processor 3
  Max Mhz: 1800, Current Mhz: 1600, Mhz Limit: 1584
Processor Information for processor 4
  Max Mhz: 1800, Current Mhz: 1500, Mhz Limit: 1584
Processor Information for processor 5
  Max Mhz: 1800, Current Mhz: 1600, Mhz Limit: 1584
Processor Information for processor 6
  Max Mhz: 1800, Current Mhz: 1600, Mhz Limit: 1584
Processor Information for processor 7
  Max Mhz: 1800, Current Mhz: 1600, Mhz Limit: 1584

Memory: 4k page, system-wide physical 7591M (693M free)
TotalPageFile size 15783M (AvailPageFile size 41M)
current process WorkingSet (physical memory assigned to process): 387M, peak: 396M
current process commit charge ("private bytes"): 461M, peak: 461M

vm_info: OpenJDK 64-Bit Server VM (21.0.7+6-LTS) for windows-amd64 JRE (21.0.7+6-LTS), built on 2025-04-15T00:00:00Z by "admin" with MS VC++ 17.7 (VS2022)

END.
